CRITICAL - 2022-09-15 09:40:59 --> Call to a member function revokeAccessToken() on null
in APPPATH\Controllers\AuthController.php on line 83.
 1 SYSTEMPATH\CodeIgniter.php(907): App\Controllers\AuthController->logout()
 2 SYSTEMPATH\CodeIgniter.php(457): CodeIgniter\CodeIgniter->runController(Object(App\Controllers\AuthController))
 3 SYSTEMPATH\CodeIgniter.php(340): CodeIgniter\CodeIgniter->handleRequest(null, Object(Config\Cache), false)
 4 FCPATH\index.php(73): CodeIgniter\CodeIgniter->run()
 5 SYSTEMPATH\Commands\Server\rewrite.php(43): require_once('FCPATH\\index.php')
CRITICAL - 2022-09-15 09:41:36 --> Call to a member function revokeAccessToken() on null
in APPPATH\Controllers\AuthController.php on line 83.
 1 SYSTEMPATH\CodeIgniter.php(907): App\Controllers\AuthController->logout()
 2 SYSTEMPATH\CodeIgniter.php(457): CodeIgniter\CodeIgniter->runController(Object(App\Controllers\AuthController))
 3 SYSTEMPATH\CodeIgniter.php(340): CodeIgniter\CodeIgniter->handleRequest(null, Object(Config\Cache), false)
 4 FCPATH\index.php(73): CodeIgniter\CodeIgniter->run()
 5 SYSTEMPATH\Commands\Server\rewrite.php(43): require_once('FCPATH\\index.php')
CRITICAL - 2022-09-15 09:41:53 --> Call to a member function revokeAccessToken() on null
in APPPATH\Controllers\AuthController.php on line 83.
 1 SYSTEMPATH\CodeIgniter.php(907): App\Controllers\AuthController->logout()
 2 SYSTEMPATH\CodeIgniter.php(457): CodeIgniter\CodeIgniter->runController(Object(App\Controllers\AuthController))
 3 SYSTEMPATH\CodeIgniter.php(340): CodeIgniter\CodeIgniter->handleRequest(null, Object(Config\Cache), false)
 4 FCPATH\index.php(73): CodeIgniter\CodeIgniter->run()
 5 SYSTEMPATH\Commands\Server\rewrite.php(43): require_once('FCPATH\\index.php')
CRITICAL - 2022-09-15 09:43:20 --> Call to a member function revokeAccessToken() on array
in APPPATH\Controllers\AuthController.php on line 86.
 1 SYSTEMPATH\CodeIgniter.php(907): App\Controllers\AuthController->logout()
 2 SYSTEMPATH\CodeIgniter.php(457): CodeIgniter\CodeIgniter->runController(Object(App\Controllers\AuthController))
 3 SYSTEMPATH\CodeIgniter.php(340): CodeIgniter\CodeIgniter->handleRequest(null, Object(Config\Cache), false)
 4 FCPATH\index.php(73): CodeIgniter\CodeIgniter->run()
 5 SYSTEMPATH\Commands\Server\rewrite.php(43): require_once('FCPATH\\index.php')
CRITICAL - 2022-09-15 09:44:43 --> Undefined property: App\Filters\CheckAuthFilter::$request
in APPPATH\Filters\CheckAuthFilter.php on line 36.
 1 APPPATH\Filters\CheckAuthFilter.php(36): CodeIgniter\Debug\Exceptions->errorHandler(8, 'Undefined property: App\\Filters\\CheckAuthFilter::$request', 'APPPATH\\Filters\\CheckAuthFilter.php', 36, [...])
 2 SYSTEMPATH\Filters\Filters.php(173): App\Filters\CheckAuthFilter->before(Object(CodeIgniter\HTTP\IncomingRequest), null)
 3 SYSTEMPATH\CodeIgniter.php(431): CodeIgniter\Filters\Filters->run('api/v1/supplier/SP-00000000001', 'before')
 4 SYSTEMPATH\CodeIgniter.php(340): CodeIgniter\CodeIgniter->handleRequest(null, Object(Config\Cache), false)
 5 FCPATH\index.php(73): CodeIgniter\CodeIgniter->run()
 6 SYSTEMPATH\Commands\Server\rewrite.php(43): require_once('FCPATH\\index.php')
CRITICAL - 2022-09-15 09:47:38 --> Call to a member function revokeAccessToken() on null
in APPPATH\Controllers\AuthController.php on line 85.
 1 SYSTEMPATH\CodeIgniter.php(907): App\Controllers\AuthController->logout()
 2 SYSTEMPATH\CodeIgniter.php(457): CodeIgniter\CodeIgniter->runController(Object(App\Controllers\AuthController))
 3 SYSTEMPATH\CodeIgniter.php(340): CodeIgniter\CodeIgniter->handleRequest(null, Object(Config\Cache), false)
 4 FCPATH\index.php(73): CodeIgniter\CodeIgniter->run()
 5 SYSTEMPATH\Commands\Server\rewrite.php(43): require_once('FCPATH\\index.php')
CRITICAL - 2022-09-15 09:48:47 --> There is no data to update.
in SYSTEMPATH\BaseModel.php on line 1596.
 1 SYSTEMPATH\BaseModel.php(1596): CodeIgniter\Database\Exceptions\DataException::forEmptyDataset('update')
 2 SYSTEMPATH\BaseModel.php(832): CodeIgniter\BaseModel->transformDataToArray([], 'update')
 3 SYSTEMPATH\Model.php(693): CodeIgniter\BaseModel->update([...], Object(CodeIgniter\Shield\Entities\AccessToken))
 4 SYSTEMPATH\BaseModel.php(656): CodeIgniter\Model->update('14', Object(CodeIgniter\Shield\Entities\AccessToken))
 5 VENDORPATH\codeigniter4\shield\src\Authentication\Authenticators\AccessTokens.php(128): CodeIgniter\BaseModel->save(Object(CodeIgniter\Shield\Entities\AccessToken))
 6 VENDORPATH\codeigniter4\shield\src\Authentication\Authenticators\AccessTokens.php(49): CodeIgniter\Shield\Authentication\Authenticators\AccessTokens->check([...])
 7 VENDORPATH\codeigniter4\shield\src\Authentication\Authenticators\AccessTokens.php(155): CodeIgniter\Shield\Authentication\Authenticators\AccessTokens->attempt([...])
 8 VENDORPATH\codeigniter4\shield\src\Auth.php(157): CodeIgniter\Shield\Authentication\Authenticators\AccessTokens->loggedIn()
 9 VENDORPATH\codeigniter4\shield\src\Collectors\Auth.php(65): CodeIgniter\Shield\Auth->__call('loggedIn', [])
10 SYSTEMPATH\Debug\Toolbar\Collectors\BaseCollector.php(222): CodeIgniter\Shield\Collectors\Auth->display()
11 SYSTEMPATH\Debug\Toolbar.php(93): CodeIgniter\Debug\Toolbar\Collectors\BaseCollector->getAsArray()
12 SYSTEMPATH\Debug\Toolbar.php(376): CodeIgniter\Debug\Toolbar->run(1663210127.303998, 0.0808, Object(CodeIgniter\HTTP\IncomingRequest), Object(CodeIgniter\HTTP\Response))
13 SYSTEMPATH\Filters\DebugToolbar.php(40): CodeIgniter\Debug\Toolbar->prepare(Object(CodeIgniter\HTTP\IncomingRequest), Object(CodeIgniter\HTTP\Response))
14 SYSTEMPATH\Filters\Filters.php(196): CodeIgniter\Filters\DebugToolbar->after(Object(CodeIgniter\HTTP\IncomingRequest), Object(CodeIgniter\HTTP\Response), null)
15 SYSTEMPATH\CodeIgniter.php(477): CodeIgniter\Filters\Filters->run('api/v1/logout', 'after')
16 SYSTEMPATH\CodeIgniter.php(340): CodeIgniter\CodeIgniter->handleRequest(null, Object(Config\Cache), false)
17 FCPATH\index.php(73): CodeIgniter\CodeIgniter->run()
18 SYSTEMPATH\Commands\Server\rewrite.php(43): require_once('FCPATH\\index.php')
CRITICAL - 2022-09-15 09:50:36 --> There is no data to update.
in SYSTEMPATH\BaseModel.php on line 1596.
 1 SYSTEMPATH\BaseModel.php(1596): CodeIgniter\Database\Exceptions\DataException::forEmptyDataset('update')
 2 SYSTEMPATH\BaseModel.php(832): CodeIgniter\BaseModel->transformDataToArray([], 'update')
 3 SYSTEMPATH\Model.php(693): CodeIgniter\BaseModel->update([...], Object(CodeIgniter\Shield\Entities\AccessToken))
 4 SYSTEMPATH\BaseModel.php(656): CodeIgniter\Model->update('15', Object(CodeIgniter\Shield\Entities\AccessToken))
 5 VENDORPATH\codeigniter4\shield\src\Authentication\Authenticators\AccessTokens.php(128): CodeIgniter\BaseModel->save(Object(CodeIgniter\Shield\Entities\AccessToken))
 6 VENDORPATH\codeigniter4\shield\src\Authentication\Authenticators\AccessTokens.php(49): CodeIgniter\Shield\Authentication\Authenticators\AccessTokens->check([...])
 7 VENDORPATH\codeigniter4\shield\src\Authentication\Authenticators\AccessTokens.php(155): CodeIgniter\Shield\Authentication\Authenticators\AccessTokens->attempt([...])
 8 VENDORPATH\codeigniter4\shield\src\Auth.php(157): CodeIgniter\Shield\Authentication\Authenticators\AccessTokens->loggedIn()
 9 VENDORPATH\codeigniter4\shield\src\Collectors\Auth.php(65): CodeIgniter\Shield\Auth->__call('loggedIn', [])
10 SYSTEMPATH\Debug\Toolbar\Collectors\BaseCollector.php(222): CodeIgniter\Shield\Collectors\Auth->display()
11 SYSTEMPATH\Debug\Toolbar.php(93): CodeIgniter\Debug\Toolbar\Collectors\BaseCollector->getAsArray()
12 SYSTEMPATH\Debug\Toolbar.php(376): CodeIgniter\Debug\Toolbar->run(1663210236.172997, 0.093, Object(CodeIgniter\HTTP\IncomingRequest), Object(CodeIgniter\HTTP\Response))
13 SYSTEMPATH\Filters\DebugToolbar.php(40): CodeIgniter\Debug\Toolbar->prepare(Object(CodeIgniter\HTTP\IncomingRequest), Object(CodeIgniter\HTTP\Response))
14 SYSTEMPATH\Filters\Filters.php(196): CodeIgniter\Filters\DebugToolbar->after(Object(CodeIgniter\HTTP\IncomingRequest), Object(CodeIgniter\HTTP\Response), null)
15 SYSTEMPATH\CodeIgniter.php(477): CodeIgniter\Filters\Filters->run('api/v1/logout', 'after')
16 SYSTEMPATH\CodeIgniter.php(340): CodeIgniter\CodeIgniter->handleRequest(null, Object(Config\Cache), false)
17 FCPATH\index.php(73): CodeIgniter\CodeIgniter->run()
18 SYSTEMPATH\Commands\Server\rewrite.php(43): require_once('FCPATH\\index.php')
CRITICAL - 2022-09-15 09:50:51 --> token is not a valid authenticator.
in VENDORPATH\codeigniter4\shield\src\Authentication\AuthenticationException.php on line 17.
 1 VENDORPATH\codeigniter4\shield\src\Authentication\Authentication.php(49): CodeIgniter\Shield\Authentication\AuthenticationException::forUnknownAuthenticator('token')
 2 VENDORPATH\codeigniter4\shield\src\Auth.php(61): CodeIgniter\Shield\Authentication\Authentication->factory('token')
 3 VENDORPATH\codeigniter4\shield\src\Auth.php(69): CodeIgniter\Shield\Auth->getAuthenticator()
 4 APPPATH\Controllers\AuthController.php(83): CodeIgniter\Shield\Auth->user()
 5 SYSTEMPATH\CodeIgniter.php(907): App\Controllers\AuthController->logout()
 6 SYSTEMPATH\CodeIgniter.php(457): CodeIgniter\CodeIgniter->runController(Object(App\Controllers\AuthController))
 7 SYSTEMPATH\CodeIgniter.php(340): CodeIgniter\CodeIgniter->handleRequest(null, Object(Config\Cache), false)
 8 FCPATH\index.php(73): CodeIgniter\CodeIgniter->run()
 9 SYSTEMPATH\Commands\Server\rewrite.php(43): require_once('FCPATH\\index.php')
CRITICAL - 2022-09-15 09:51:01 --> There is no data to update.
in SYSTEMPATH\BaseModel.php on line 1596.
 1 SYSTEMPATH\BaseModel.php(1596): CodeIgniter\Database\Exceptions\DataException::forEmptyDataset('update')
 2 SYSTEMPATH\BaseModel.php(832): CodeIgniter\BaseModel->transformDataToArray([], 'update')
 3 SYSTEMPATH\Model.php(693): CodeIgniter\BaseModel->update([...], Object(CodeIgniter\Shield\Entities\AccessToken))
 4 SYSTEMPATH\BaseModel.php(656): CodeIgniter\Model->update('15', Object(CodeIgniter\Shield\Entities\AccessToken))
 5 VENDORPATH\codeigniter4\shield\src\Authentication\Authenticators\AccessTokens.php(128): CodeIgniter\BaseModel->save(Object(CodeIgniter\Shield\Entities\AccessToken))
 6 VENDORPATH\codeigniter4\shield\src\Authentication\Authenticators\AccessTokens.php(49): CodeIgniter\Shield\Authentication\Authenticators\AccessTokens->check([...])
 7 VENDORPATH\codeigniter4\shield\src\Authentication\Authenticators\AccessTokens.php(155): CodeIgniter\Shield\Authentication\Authenticators\AccessTokens->attempt([...])
 8 VENDORPATH\codeigniter4\shield\src\Auth.php(157): CodeIgniter\Shield\Authentication\Authenticators\AccessTokens->loggedIn()
 9 VENDORPATH\codeigniter4\shield\src\Collectors\Auth.php(65): CodeIgniter\Shield\Auth->__call('loggedIn', [])
10 SYSTEMPATH\Debug\Toolbar\Collectors\BaseCollector.php(222): CodeIgniter\Shield\Collectors\Auth->display()
11 SYSTEMPATH\Debug\Toolbar.php(93): CodeIgniter\Debug\Toolbar\Collectors\BaseCollector->getAsArray()
12 SYSTEMPATH\Debug\Toolbar.php(376): CodeIgniter\Debug\Toolbar->run(1663210261.851601, 0.0971, Object(CodeIgniter\HTTP\IncomingRequest), Object(CodeIgniter\HTTP\Response))
13 SYSTEMPATH\Filters\DebugToolbar.php(40): CodeIgniter\Debug\Toolbar->prepare(Object(CodeIgniter\HTTP\IncomingRequest), Object(CodeIgniter\HTTP\Response))
14 SYSTEMPATH\Filters\Filters.php(196): CodeIgniter\Filters\DebugToolbar->after(Object(CodeIgniter\HTTP\IncomingRequest), Object(CodeIgniter\HTTP\Response), null)
15 SYSTEMPATH\CodeIgniter.php(477): CodeIgniter\Filters\Filters->run('api/v1/logout', 'after')
16 SYSTEMPATH\CodeIgniter.php(340): CodeIgniter\CodeIgniter->handleRequest(null, Object(Config\Cache), false)
17 FCPATH\index.php(73): CodeIgniter\CodeIgniter->run()
18 SYSTEMPATH\Commands\Server\rewrite.php(43): require_once('FCPATH\\index.php')
