ERROR - 2022-09-14 10:40:58 --> mysqli_sql_exception: Unknown column 'id' in 'field list' in C:\xampp2\htdocs\codeigniter4-erp-clg\vendor\codeigniter4\framework\system\Database\MySQLi\Connection.php:292
Stack trace:
#0 C:\xampp2\htdocs\codeigniter4-erp-clg\vendor\codeigniter4\framework\system\Database\MySQLi\Connection.php(292): mysqli->query('SELECT MAX(id) ...', 0)
#1 C:\xampp2\htdocs\codeigniter4-erp-clg\vendor\codeigniter4\framework\system\Database\BaseConnection.php(693): CodeIgniter\Database\MySQLi\Connection->execute('SELECT MAX(id) ...')
#2 C:\xampp2\htdocs\codeigniter4-erp-clg\vendor\codeigniter4\framework\system\Database\BaseConnection.php(620): CodeIgniter\Database\BaseConnection->simpleQuery('SELECT MAX(id) ...')
#3 C:\xampp2\htdocs\codeigniter4-erp-clg\app\Helpers\general_helper.php(114): CodeIgniter\Database\BaseConnection->query('SELECT MAX(id) ...')
#4 C:\xampp2\htdocs\codeigniter4-erp-clg\app\Controllers\PurchaseDetailController.php(125): get_kode('purchasedetail', 'id', 'PD')
#5 C:\xampp2\htdocs\codeigniter4-erp-clg\vendor\codeigniter4\framework\system\CodeIgniter.php(907): App\Controllers\PurchaseDetailController->create()
#6 C:\xampp2\htdocs\codeigniter4-erp-clg\vendor\codeigniter4\framework\system\CodeIgniter.php(457): CodeIgniter\CodeIgniter->runController(Object(App\Controllers\PurchaseDetailController))
#7 C:\xampp2\htdocs\codeigniter4-erp-clg\vendor\codeigniter4\framework\system\CodeIgniter.php(340): CodeIgniter\CodeIgniter->handleRequest(NULL, Object(Config\Cache), false)
#8 C:\xampp2\htdocs\codeigniter4-erp-clg\public\index.php(73): CodeIgniter\CodeIgniter->run()
#9 C:\xampp2\htdocs\codeigniter4-erp-clg\vendor\codeigniter4\framework\system\Commands\Server\rewrite.php(43): require_once('C:\\xampp2\\htdoc...')
#10 {main}
CRITICAL - 2022-09-14 10:40:58 --> Unknown column 'id' in 'field list'
in SYSTEMPATH\Database\MySQLi\Connection.php on line 292.
 1 SYSTEMPATH\Database\MySQLi\Connection.php(292): mysqli->query('SELECT MAX(id) as max_kode FROM purchasedetail', 0)
 2 SYSTEMPATH\Database\BaseConnection.php(693): CodeIgniter\Database\MySQLi\Connection->execute('SELECT MAX(id) as max_kode FROM purchasedetail')
 3 SYSTEMPATH\Database\BaseConnection.php(620): CodeIgniter\Database\BaseConnection->simpleQuery('SELECT MAX(id) as max_kode FROM purchasedetail')
 4 APPPATH\Helpers\general_helper.php(114): CodeIgniter\Database\BaseConnection->query('SELECT MAX(id) as max_kode FROM purchasedetail')
 5 APPPATH\Controllers\PurchaseDetailController.php(125): get_kode('purchasedetail', 'id', 'PD')
 6 SYSTEMPATH\CodeIgniter.php(907): App\Controllers\PurchaseDetailController->create()
 7 SYSTEMPATH\CodeIgniter.php(457): CodeIgniter\CodeIgniter->runController(Object(App\Controllers\PurchaseDetailController))
 8 SYSTEMPATH\CodeIgniter.php(340): CodeIgniter\CodeIgniter->handleRequest(null, Object(Config\Cache), false)
 9 FCPATH\index.php(73): CodeIgniter\CodeIgniter->run()
10 SYSTEMPATH\Commands\Server\rewrite.php(43): require_once('FCPATH\\index.php')
ERROR - 2022-09-14 10:41:39 --> mysqli_sql_exception: Cannot add or update a child row: a foreign key constraint fails (`erp`.`purchasedetail`, CONSTRAINT `purchasedetail_ibfk_4` FOREIGN KEY (`unit`) REFERENCES `units` (`id`) ON UPDATE CASCADE) in C:\xampp2\htdocs\codeigniter4-erp-clg\vendor\codeigniter4\framework\system\Database\MySQLi\Connection.php:292
Stack trace:
#0 C:\xampp2\htdocs\codeigniter4-erp-clg\vendor\codeigniter4\framework\system\Database\MySQLi\Connection.php(292): mysqli->query('INSERT INTO `pu...', 0)
#1 C:\xampp2\htdocs\codeigniter4-erp-clg\vendor\codeigniter4\framework\system\Database\BaseConnection.php(693): CodeIgniter\Database\MySQLi\Connection->execute('INSERT INTO `pu...')
#2 C:\xampp2\htdocs\codeigniter4-erp-clg\vendor\codeigniter4\framework\system\Database\BaseConnection.php(620): CodeIgniter\Database\BaseConnection->simpleQuery('INSERT INTO `pu...')
#3 C:\xampp2\htdocs\codeigniter4-erp-clg\vendor\codeigniter4\framework\system\Database\BaseBuilder.php(1916): CodeIgniter\Database\BaseConnection->query('INSERT INTO `pu...', Array, false)
#4 C:\xampp2\htdocs\codeigniter4-erp-clg\vendor\codeigniter4\framework\system\Model.php(279): CodeIgniter\Database\BaseBuilder->insert()
#5 C:\xampp2\htdocs\codeigniter4-erp-clg\vendor\codeigniter4\framework\system\BaseModel.php(738): CodeIgniter\Model->doInsert(Array)
#6 C:\xampp2\htdocs\codeigniter4-erp-clg\vendor\codeigniter4\framework\system\Model.php(667): CodeIgniter\BaseModel->insert(Array, false)
#7 C:\xampp2\htdocs\codeigniter4-erp-clg\vendor\codeigniter4\framework\system\BaseModel.php(658): CodeIgniter\Model->insert(Array, false)
#8 C:\xampp2\htdocs\codeigniter4-erp-clg\app\Controllers\PurchaseDetailController.php(130): CodeIgniter\BaseModel->save(Array)
#9 C:\xampp2\htdocs\codeigniter4-erp-clg\vendor\codeigniter4\framework\system\CodeIgniter.php(907): App\Controllers\PurchaseDetailController->create()
#10 C:\xampp2\htdocs\codeigniter4-erp-clg\vendor\codeigniter4\framework\system\CodeIgniter.php(457): CodeIgniter\CodeIgniter->runController(Object(App\Controllers\PurchaseDetailController))
#11 C:\xampp2\htdocs\codeigniter4-erp-clg\vendor\codeigniter4\framework\system\CodeIgniter.php(340): CodeIgniter\CodeIgniter->handleRequest(NULL, Object(Config\Cache), false)
#12 C:\xampp2\htdocs\codeigniter4-erp-clg\public\index.php(73): CodeIgniter\CodeIgniter->run()
#13 C:\xampp2\htdocs\codeigniter4-erp-clg\vendor\codeigniter4\framework\system\Commands\Server\rewrite.php(43): require_once('C:\\xampp2\\htdoc...')
#14 {main}
CRITICAL - 2022-09-14 10:41:39 --> Cannot add or update a child row: a foreign key constraint fails (`erp`.`purchasedetail`, CONSTRAINT `purchasedetail_ibfk_4` FOREIGN KEY (`unit`) REFERENCES `units` (`id`) ON UPDATE CASCADE)
in SYSTEMPATH\Database\MySQLi\Connection.php on line 292.
 1 SYSTEMPATH\Database\MySQLi\Connection.php(292): mysqli->query('INSERT INTO `purchasedetail` (`purchaseid`, `productid`, `departement`, `unit`, `taxid`, `purchaseidref`, `price`, `id`, `created_at`, `updated_at`) VALUES (\'PCH-00000000001\', \'PR-00000000001\', \'1\', \'UN-00000000001\', \'0\', \'PCH-00000000001\', \'5000\', \'PD-00000000001\', \'2022-09-14 10:41:39\', \'2022-09-14 10:41:39\')', 0)
 2 SYSTEMPATH\Database\BaseConnection.php(693): CodeIgniter\Database\MySQLi\Connection->execute('INSERT INTO `purchasedetail` (`purchaseid`, `productid`, `departement`, `unit`, `taxid`, `purchaseidref`, `price`, `id`, `created_at`, `updated_at`) VALUES (\'PCH-00000000001\', \'PR-00000000001\', \'1\', \'UN-00000000001\', \'0\', \'PCH-00000000001\', \'5000\', \'PD-00000000001\', \'2022-09-14 10:41:39\', \'2022-09-14 10:41:39\')')
 3 SYSTEMPATH\Database\BaseConnection.php(620): CodeIgniter\Database\BaseConnection->simpleQuery('INSERT INTO `purchasedetail` (`purchaseid`, `productid`, `departement`, `unit`, `taxid`, `purchaseidref`, `price`, `id`, `created_at`, `updated_at`) VALUES (\'PCH-00000000001\', \'PR-00000000001\', \'1\', \'UN-00000000001\', \'0\', \'PCH-00000000001\', \'5000\', \'PD-00000000001\', \'2022-09-14 10:41:39\', \'2022-09-14 10:41:39\')')
 4 SYSTEMPATH\Database\BaseBuilder.php(1916): CodeIgniter\Database\BaseConnection->query('INSERT INTO `purchasedetail` (`purchaseid`, `productid`, `departement`, `unit`, `taxid`, `purchaseidref`, `price`, `id`, `created_at`, `updated_at`) VALUES (:purchaseid:, :productid:, :departement:, :unit:, :taxid:, :purchaseidref:, :price:, :id.1:, :created_at:, :updated_at:)', [...], false)
 5 SYSTEMPATH\Model.php(279): CodeIgniter\Database\BaseBuilder->insert()
 6 SYSTEMPATH\BaseModel.php(738): CodeIgniter\Model->doInsert([...])
 7 SYSTEMPATH\Model.php(667): CodeIgniter\BaseModel->insert([...], false)
 8 SYSTEMPATH\BaseModel.php(658): CodeIgniter\Model->insert([...], false)
 9 APPPATH\Controllers\PurchaseDetailController.php(130): CodeIgniter\BaseModel->save([...])
10 SYSTEMPATH\CodeIgniter.php(907): App\Controllers\PurchaseDetailController->create()
11 SYSTEMPATH\CodeIgniter.php(457): CodeIgniter\CodeIgniter->runController(Object(App\Controllers\PurchaseDetailController))
12 SYSTEMPATH\CodeIgniter.php(340): CodeIgniter\CodeIgniter->handleRequest(null, Object(Config\Cache), false)
13 FCPATH\index.php(73): CodeIgniter\CodeIgniter->run()
14 SYSTEMPATH\Commands\Server\rewrite.php(43): require_once('FCPATH\\index.php')
