CRITICAL - 2022-09-13 09:51:19 --> Call to undefined function App\Controllers\get_kode()
in APPPATH\Controllers\ProductController.php on line 87.
 1 SYSTEMPATH\CodeIgniter.php(907): App\Controllers\ProductController->create()
 2 SYSTEMPATH\CodeIgniter.php(457): CodeIgniter\CodeIgniter->runController(Object(App\Controllers\ProductController))
 3 SYSTEMPATH\CodeIgniter.php(340): CodeIgniter\CodeIgniter->handleRequest(null, Object(Config\Cache), false)
 4 FCPATH\index.php(73): CodeIgniter\CodeIgniter->run()
 5 SYSTEMPATH\Commands\Server\rewrite.php(43): require_once('FCPATH\\index.php')
ERROR - 2022-09-13 09:57:32 --> mysqli_sql_exception: Unknown column 'product.deleted_at' in 'where clause' in C:\xampp2\htdocs\codeigniter4-erp-clg\vendor\codeigniter4\framework\system\Database\MySQLi\Connection.php:292
Stack trace:
#0 C:\xampp2\htdocs\codeigniter4-erp-clg\vendor\codeigniter4\framework\system\Database\MySQLi\Connection.php(292): mysqli->query('SELECT COUNT(*)...', 0)
#1 C:\xampp2\htdocs\codeigniter4-erp-clg\vendor\codeigniter4\framework\system\Database\BaseConnection.php(693): CodeIgniter\Database\MySQLi\Connection->execute('SELECT COUNT(*)...')
#2 C:\xampp2\htdocs\codeigniter4-erp-clg\vendor\codeigniter4\framework\system\Database\BaseConnection.php(620): CodeIgniter\Database\BaseConnection->simpleQuery('SELECT COUNT(*)...')
#3 C:\xampp2\htdocs\codeigniter4-erp-clg\vendor\codeigniter4\framework\system\Database\BaseBuilder.php(1669): CodeIgniter\Database\BaseConnection->query('SELECT COUNT(*)...', Array, false)
#4 C:\xampp2\htdocs\codeigniter4-erp-clg\vendor\codeigniter4\framework\system\Model.php(551): CodeIgniter\Database\BaseBuilder->countAllResults(true)
#5 C:\xampp2\htdocs\codeigniter4-erp-clg\vendor\codeigniter4\framework\system\Model.php(639): CodeIgniter\Model->countAllResults()
#6 C:\xampp2\htdocs\codeigniter4-erp-clg\vendor\codeigniter4\framework\system\BaseModel.php(655): CodeIgniter\Model->shouldUpdate(Array)
#7 C:\xampp2\htdocs\codeigniter4-erp-clg\app\Controllers\ProductController.php(92): CodeIgniter\BaseModel->save(Array)
#8 C:\xampp2\htdocs\codeigniter4-erp-clg\vendor\codeigniter4\framework\system\CodeIgniter.php(907): App\Controllers\ProductController->create()
#9 C:\xampp2\htdocs\codeigniter4-erp-clg\vendor\codeigniter4\framework\system\CodeIgniter.php(457): CodeIgniter\CodeIgniter->runController(Object(App\Controllers\ProductController))
#10 C:\xampp2\htdocs\codeigniter4-erp-clg\vendor\codeigniter4\framework\system\CodeIgniter.php(340): CodeIgniter\CodeIgniter->handleRequest(NULL, Object(Config\Cache), false)
#11 C:\xampp2\htdocs\codeigniter4-erp-clg\public\index.php(73): CodeIgniter\CodeIgniter->run()
#12 C:\xampp2\htdocs\codeigniter4-erp-clg\vendor\codeigniter4\framework\system\Commands\Server\rewrite.php(43): require_once('C:\\xampp2\\htdoc...')
#13 {main}
CRITICAL - 2022-09-13 09:57:32 --> Unknown column 'product.deleted_at' in 'where clause'
in SYSTEMPATH\Database\MySQLi\Connection.php on line 292.
 1 SYSTEMPATH\Database\MySQLi\Connection.php(292): mysqli->query('SELECT COUNT(*) AS `numrows`
FROM `product`
WHERE `id` = \'PR-00000000001\'
AND `product`.`deleted_at` IS NULL', 0)
 2 SYSTEMPATH\Database\BaseConnection.php(693): CodeIgniter\Database\MySQLi\Connection->execute('SELECT COUNT(*) AS `numrows`
FROM `product`
WHERE `id` = \'PR-00000000001\'
AND `product`.`deleted_at` IS NULL')
 3 SYSTEMPATH\Database\BaseConnection.php(620): CodeIgniter\Database\BaseConnection->simpleQuery('SELECT COUNT(*) AS `numrows`
FROM `product`
WHERE `id` = \'PR-00000000001\'
AND `product`.`deleted_at` IS NULL')
 4 SYSTEMPATH\Database\BaseBuilder.php(1669): CodeIgniter\Database\BaseConnection->query('SELECT COUNT(*) AS `numrows`
FROM `product`
WHERE `id` = :id:
AND `product`.`deleted_at` IS NULL', [...], false)
 5 SYSTEMPATH\Model.php(551): CodeIgniter\Database\BaseBuilder->countAllResults(true)
 6 SYSTEMPATH\Model.php(639): CodeIgniter\Model->countAllResults()
 7 SYSTEMPATH\BaseModel.php(655): CodeIgniter\Model->shouldUpdate([...])
 8 APPPATH\Controllers\ProductController.php(92): CodeIgniter\BaseModel->save([...])
 9 SYSTEMPATH\CodeIgniter.php(907): App\Controllers\ProductController->create()
10 SYSTEMPATH\CodeIgniter.php(457): CodeIgniter\CodeIgniter->runController(Object(App\Controllers\ProductController))
11 SYSTEMPATH\CodeIgniter.php(340): CodeIgniter\CodeIgniter->handleRequest(null, Object(Config\Cache), false)
12 FCPATH\index.php(73): CodeIgniter\CodeIgniter->run()
13 SYSTEMPATH\Commands\Server\rewrite.php(43): require_once('FCPATH\\index.php')
ERROR - 2022-09-13 09:58:34 --> mysqli_sql_exception: Cannot add or update a child row: a foreign key constraint fails (`erp`.`product`, CONSTRAINT `product_ibfk_1` FOREIGN KEY (`defunit`) REFERENCES `units` (`id`) ON UPDATE CASCADE) in C:\xampp2\htdocs\codeigniter4-erp-clg\vendor\codeigniter4\framework\system\Database\MySQLi\Connection.php:292
Stack trace:
#0 C:\xampp2\htdocs\codeigniter4-erp-clg\vendor\codeigniter4\framework\system\Database\MySQLi\Connection.php(292): mysqli->query('INSERT INTO `pr...', 0)
#1 C:\xampp2\htdocs\codeigniter4-erp-clg\vendor\codeigniter4\framework\system\Database\BaseConnection.php(693): CodeIgniter\Database\MySQLi\Connection->execute('INSERT INTO `pr...')
#2 C:\xampp2\htdocs\codeigniter4-erp-clg\vendor\codeigniter4\framework\system\Database\BaseConnection.php(620): CodeIgniter\Database\BaseConnection->simpleQuery('INSERT INTO `pr...')
#3 C:\xampp2\htdocs\codeigniter4-erp-clg\vendor\codeigniter4\framework\system\Database\BaseBuilder.php(1916): CodeIgniter\Database\BaseConnection->query('INSERT INTO `pr...', Array, false)
#4 C:\xampp2\htdocs\codeigniter4-erp-clg\vendor\codeigniter4\framework\system\Model.php(279): CodeIgniter\Database\BaseBuilder->insert()
#5 C:\xampp2\htdocs\codeigniter4-erp-clg\vendor\codeigniter4\framework\system\BaseModel.php(738): CodeIgniter\Model->doInsert(Array)
#6 C:\xampp2\htdocs\codeigniter4-erp-clg\vendor\codeigniter4\framework\system\Model.php(667): CodeIgniter\BaseModel->insert(Array, false)
#7 C:\xampp2\htdocs\codeigniter4-erp-clg\vendor\codeigniter4\framework\system\BaseModel.php(658): CodeIgniter\Model->insert(Array, false)
#8 C:\xampp2\htdocs\codeigniter4-erp-clg\app\Controllers\ProductController.php(92): CodeIgniter\BaseModel->save(Array)
#9 C:\xampp2\htdocs\codeigniter4-erp-clg\vendor\codeigniter4\framework\system\CodeIgniter.php(907): App\Controllers\ProductController->create()
#10 C:\xampp2\htdocs\codeigniter4-erp-clg\vendor\codeigniter4\framework\system\CodeIgniter.php(457): CodeIgniter\CodeIgniter->runController(Object(App\Controllers\ProductController))
#11 C:\xampp2\htdocs\codeigniter4-erp-clg\vendor\codeigniter4\framework\system\CodeIgniter.php(340): CodeIgniter\CodeIgniter->handleRequest(NULL, Object(Config\Cache), false)
#12 C:\xampp2\htdocs\codeigniter4-erp-clg\public\index.php(73): CodeIgniter\CodeIgniter->run()
#13 C:\xampp2\htdocs\codeigniter4-erp-clg\vendor\codeigniter4\framework\system\Commands\Server\rewrite.php(43): require_once('C:\\xampp2\\htdoc...')
#14 {main}
CRITICAL - 2022-09-13 09:58:34 --> Cannot add or update a child row: a foreign key constraint fails (`erp`.`product`, CONSTRAINT `product_ibfk_1` FOREIGN KEY (`defunit`) REFERENCES `units` (`id`) ON UPDATE CASCADE)
in SYSTEMPATH\Database\MySQLi\Connection.php on line 292.
 1 SYSTEMPATH\Database\MySQLi\Connection.php(292): mysqli->query('INSERT INTO `product` (`name`, `id`, `created_at`, `updated_at`) VALUES (\'Pepsodend dental expert\', \'PR-00000000001\', \'2022-09-13 09:58:34\', \'2022-09-13 09:58:34\')', 0)
 2 SYSTEMPATH\Database\BaseConnection.php(693): CodeIgniter\Database\MySQLi\Connection->execute('INSERT INTO `product` (`name`, `id`, `created_at`, `updated_at`) VALUES (\'Pepsodend dental expert\', \'PR-00000000001\', \'2022-09-13 09:58:34\', \'2022-09-13 09:58:34\')')
 3 SYSTEMPATH\Database\BaseConnection.php(620): CodeIgniter\Database\BaseConnection->simpleQuery('INSERT INTO `product` (`name`, `id`, `created_at`, `updated_at`) VALUES (\'Pepsodend dental expert\', \'PR-00000000001\', \'2022-09-13 09:58:34\', \'2022-09-13 09:58:34\')')
 4 SYSTEMPATH\Database\BaseBuilder.php(1916): CodeIgniter\Database\BaseConnection->query('INSERT INTO `product` (`name`, `id`, `created_at`, `updated_at`) VALUES (:name:, :id.1:, :created_at:, :updated_at:)', [...], false)
 5 SYSTEMPATH\Model.php(279): CodeIgniter\Database\BaseBuilder->insert()
 6 SYSTEMPATH\BaseModel.php(738): CodeIgniter\Model->doInsert([...])
 7 SYSTEMPATH\Model.php(667): CodeIgniter\BaseModel->insert([...], false)
 8 SYSTEMPATH\BaseModel.php(658): CodeIgniter\Model->insert([...], false)
 9 APPPATH\Controllers\ProductController.php(92): CodeIgniter\BaseModel->save([...])
10 SYSTEMPATH\CodeIgniter.php(907): App\Controllers\ProductController->create()
11 SYSTEMPATH\CodeIgniter.php(457): CodeIgniter\CodeIgniter->runController(Object(App\Controllers\ProductController))
12 SYSTEMPATH\CodeIgniter.php(340): CodeIgniter\CodeIgniter->handleRequest(null, Object(Config\Cache), false)
13 FCPATH\index.php(73): CodeIgniter\CodeIgniter->run()
14 SYSTEMPATH\Commands\Server\rewrite.php(43): require_once('FCPATH\\index.php')
ERROR - 2022-09-13 10:01:48 --> mysqli_sql_exception: Cannot add or update a child row: a foreign key constraint fails (`erp`.`product`, CONSTRAINT `product_ibfk_1` FOREIGN KEY (`defunit`) REFERENCES `units` (`id`) ON UPDATE CASCADE) in C:\xampp2\htdocs\codeigniter4-erp-clg\vendor\codeigniter4\framework\system\Database\MySQLi\Connection.php:292
Stack trace:
#0 C:\xampp2\htdocs\codeigniter4-erp-clg\vendor\codeigniter4\framework\system\Database\MySQLi\Connection.php(292): mysqli->query('INSERT INTO `pr...', 0)
#1 C:\xampp2\htdocs\codeigniter4-erp-clg\vendor\codeigniter4\framework\system\Database\BaseConnection.php(693): CodeIgniter\Database\MySQLi\Connection->execute('INSERT INTO `pr...')
#2 C:\xampp2\htdocs\codeigniter4-erp-clg\vendor\codeigniter4\framework\system\Database\BaseConnection.php(620): CodeIgniter\Database\BaseConnection->simpleQuery('INSERT INTO `pr...')
#3 C:\xampp2\htdocs\codeigniter4-erp-clg\vendor\codeigniter4\framework\system\Database\BaseBuilder.php(1916): CodeIgniter\Database\BaseConnection->query('INSERT INTO `pr...', Array, false)
#4 C:\xampp2\htdocs\codeigniter4-erp-clg\vendor\codeigniter4\framework\system\Model.php(279): CodeIgniter\Database\BaseBuilder->insert()
#5 C:\xampp2\htdocs\codeigniter4-erp-clg\vendor\codeigniter4\framework\system\BaseModel.php(738): CodeIgniter\Model->doInsert(Array)
#6 C:\xampp2\htdocs\codeigniter4-erp-clg\vendor\codeigniter4\framework\system\Model.php(667): CodeIgniter\BaseModel->insert(Array, false)
#7 C:\xampp2\htdocs\codeigniter4-erp-clg\vendor\codeigniter4\framework\system\BaseModel.php(658): CodeIgniter\Model->insert(Array, false)
#8 C:\xampp2\htdocs\codeigniter4-erp-clg\app\Controllers\ProductController.php(92): CodeIgniter\BaseModel->save(Array)
#9 C:\xampp2\htdocs\codeigniter4-erp-clg\vendor\codeigniter4\framework\system\CodeIgniter.php(907): App\Controllers\ProductController->create()
#10 C:\xampp2\htdocs\codeigniter4-erp-clg\vendor\codeigniter4\framework\system\CodeIgniter.php(457): CodeIgniter\CodeIgniter->runController(Object(App\Controllers\ProductController))
#11 C:\xampp2\htdocs\codeigniter4-erp-clg\vendor\codeigniter4\framework\system\CodeIgniter.php(340): CodeIgniter\CodeIgniter->handleRequest(NULL, Object(Config\Cache), false)
#12 C:\xampp2\htdocs\codeigniter4-erp-clg\public\index.php(73): CodeIgniter\CodeIgniter->run()
#13 C:\xampp2\htdocs\codeigniter4-erp-clg\vendor\codeigniter4\framework\system\Commands\Server\rewrite.php(43): require_once('C:\\xampp2\\htdoc...')
#14 {main}
CRITICAL - 2022-09-13 10:01:48 --> Cannot add or update a child row: a foreign key constraint fails (`erp`.`product`, CONSTRAINT `product_ibfk_1` FOREIGN KEY (`defunit`) REFERENCES `units` (`id`) ON UPDATE CASCADE)
in SYSTEMPATH\Database\MySQLi\Connection.php on line 292.
 1 SYSTEMPATH\Database\MySQLi\Connection.php(292): mysqli->query('INSERT INTO `product` (`name`, `id`, `created_at`, `updated_at`) VALUES (\'Pepsodent Dental Expert\', \'PR-00000000001\', \'2022-09-13 10:01:48\', \'2022-09-13 10:01:48\')', 0)
 2 SYSTEMPATH\Database\BaseConnection.php(693): CodeIgniter\Database\MySQLi\Connection->execute('INSERT INTO `product` (`name`, `id`, `created_at`, `updated_at`) VALUES (\'Pepsodent Dental Expert\', \'PR-00000000001\', \'2022-09-13 10:01:48\', \'2022-09-13 10:01:48\')')
 3 SYSTEMPATH\Database\BaseConnection.php(620): CodeIgniter\Database\BaseConnection->simpleQuery('INSERT INTO `product` (`name`, `id`, `created_at`, `updated_at`) VALUES (\'Pepsodent Dental Expert\', \'PR-00000000001\', \'2022-09-13 10:01:48\', \'2022-09-13 10:01:48\')')
 4 SYSTEMPATH\Database\BaseBuilder.php(1916): CodeIgniter\Database\BaseConnection->query('INSERT INTO `product` (`name`, `id`, `created_at`, `updated_at`) VALUES (:name:, :id.1:, :created_at:, :updated_at:)', [...], false)
 5 SYSTEMPATH\Model.php(279): CodeIgniter\Database\BaseBuilder->insert()
 6 SYSTEMPATH\BaseModel.php(738): CodeIgniter\Model->doInsert([...])
 7 SYSTEMPATH\Model.php(667): CodeIgniter\BaseModel->insert([...], false)
 8 SYSTEMPATH\BaseModel.php(658): CodeIgniter\Model->insert([...], false)
 9 APPPATH\Controllers\ProductController.php(92): CodeIgniter\BaseModel->save([...])
10 SYSTEMPATH\CodeIgniter.php(907): App\Controllers\ProductController->create()
11 SYSTEMPATH\CodeIgniter.php(457): CodeIgniter\CodeIgniter->runController(Object(App\Controllers\ProductController))
12 SYSTEMPATH\CodeIgniter.php(340): CodeIgniter\CodeIgniter->handleRequest(null, Object(Config\Cache), false)
13 FCPATH\index.php(73): CodeIgniter\CodeIgniter->run()
14 SYSTEMPATH\Commands\Server\rewrite.php(43): require_once('FCPATH\\index.php')
ERROR - 2022-09-13 10:07:51 --> mysqli_sql_exception: Cannot add or update a child row: a foreign key constraint fails (`erp`.`product`, CONSTRAINT `product_ibfk_1` FOREIGN KEY (`defunit`) REFERENCES `units` (`id`) ON UPDATE CASCADE) in C:\xampp2\htdocs\codeigniter4-erp-clg\vendor\codeigniter4\framework\system\Database\MySQLi\Connection.php:292
Stack trace:
#0 C:\xampp2\htdocs\codeigniter4-erp-clg\vendor\codeigniter4\framework\system\Database\MySQLi\Connection.php(292): mysqli->query('INSERT INTO `pr...', 0)
#1 C:\xampp2\htdocs\codeigniter4-erp-clg\vendor\codeigniter4\framework\system\Database\BaseConnection.php(693): CodeIgniter\Database\MySQLi\Connection->execute('INSERT INTO `pr...')
#2 C:\xampp2\htdocs\codeigniter4-erp-clg\vendor\codeigniter4\framework\system\Database\BaseConnection.php(620): CodeIgniter\Database\BaseConnection->simpleQuery('INSERT INTO `pr...')
#3 C:\xampp2\htdocs\codeigniter4-erp-clg\vendor\codeigniter4\framework\system\Database\BaseBuilder.php(1916): CodeIgniter\Database\BaseConnection->query('INSERT INTO `pr...', Array, false)
#4 C:\xampp2\htdocs\codeigniter4-erp-clg\vendor\codeigniter4\framework\system\Model.php(279): CodeIgniter\Database\BaseBuilder->insert()
#5 C:\xampp2\htdocs\codeigniter4-erp-clg\vendor\codeigniter4\framework\system\BaseModel.php(738): CodeIgniter\Model->doInsert(Array)
#6 C:\xampp2\htdocs\codeigniter4-erp-clg\vendor\codeigniter4\framework\system\Model.php(667): CodeIgniter\BaseModel->insert(Array, false)
#7 C:\xampp2\htdocs\codeigniter4-erp-clg\vendor\codeigniter4\framework\system\BaseModel.php(658): CodeIgniter\Model->insert(Array, false)
#8 C:\xampp2\htdocs\codeigniter4-erp-clg\app\Controllers\ProductController.php(92): CodeIgniter\BaseModel->save(Array)
#9 C:\xampp2\htdocs\codeigniter4-erp-clg\vendor\codeigniter4\framework\system\CodeIgniter.php(907): App\Controllers\ProductController->create()
#10 C:\xampp2\htdocs\codeigniter4-erp-clg\vendor\codeigniter4\framework\system\CodeIgniter.php(457): CodeIgniter\CodeIgniter->runController(Object(App\Controllers\ProductController))
#11 C:\xampp2\htdocs\codeigniter4-erp-clg\vendor\codeigniter4\framework\system\CodeIgniter.php(340): CodeIgniter\CodeIgniter->handleRequest(NULL, Object(Config\Cache), false)
#12 C:\xampp2\htdocs\codeigniter4-erp-clg\public\index.php(73): CodeIgniter\CodeIgniter->run()
#13 C:\xampp2\htdocs\codeigniter4-erp-clg\vendor\codeigniter4\framework\system\Commands\Server\rewrite.php(43): require_once('C:\\xampp2\\htdoc...')
#14 {main}
CRITICAL - 2022-09-13 10:07:51 --> Cannot add or update a child row: a foreign key constraint fails (`erp`.`product`, CONSTRAINT `product_ibfk_1` FOREIGN KEY (`defunit`) REFERENCES `units` (`id`) ON UPDATE CASCADE)
in SYSTEMPATH\Database\MySQLi\Connection.php on line 292.
 1 SYSTEMPATH\Database\MySQLi\Connection.php(292): mysqli->query('INSERT INTO `product` (`name`, `defunit`, `groupunit`, `productgroup`, `supplier`, `brand`, `id`, `created_at`, `updated_at`) VALUES (\'Pepsodent Dental Expert\', \'UN-00000000001\', \'UN-00000000001\', \'PG-00000000002\', \'SP-00000000001\', \'PB-00000000003\', \'PR-00000000001\', \'2022-09-13 10:07:51\', \'2022-09-13 10:07:51\')', 0)
 2 SYSTEMPATH\Database\BaseConnection.php(693): CodeIgniter\Database\MySQLi\Connection->execute('INSERT INTO `product` (`name`, `defunit`, `groupunit`, `productgroup`, `supplier`, `brand`, `id`, `created_at`, `updated_at`) VALUES (\'Pepsodent Dental Expert\', \'UN-00000000001\', \'UN-00000000001\', \'PG-00000000002\', \'SP-00000000001\', \'PB-00000000003\', \'PR-00000000001\', \'2022-09-13 10:07:51\', \'2022-09-13 10:07:51\')')
 3 SYSTEMPATH\Database\BaseConnection.php(620): CodeIgniter\Database\BaseConnection->simpleQuery('INSERT INTO `product` (`name`, `defunit`, `groupunit`, `productgroup`, `supplier`, `brand`, `id`, `created_at`, `updated_at`) VALUES (\'Pepsodent Dental Expert\', \'UN-00000000001\', \'UN-00000000001\', \'PG-00000000002\', \'SP-00000000001\', \'PB-00000000003\', \'PR-00000000001\', \'2022-09-13 10:07:51\', \'2022-09-13 10:07:51\')')
 4 SYSTEMPATH\Database\BaseBuilder.php(1916): CodeIgniter\Database\BaseConnection->query('INSERT INTO `product` (`name`, `defunit`, `groupunit`, `productgroup`, `supplier`, `brand`, `id`, `created_at`, `updated_at`) VALUES (:name:, :defunit:, :groupunit:, :productgroup:, :supplier:, :brand:, :id.1:, :created_at:, :updated_at:)', [...], false)
 5 SYSTEMPATH\Model.php(279): CodeIgniter\Database\BaseBuilder->insert()
 6 SYSTEMPATH\BaseModel.php(738): CodeIgniter\Model->doInsert([...])
 7 SYSTEMPATH\Model.php(667): CodeIgniter\BaseModel->insert([...], false)
 8 SYSTEMPATH\BaseModel.php(658): CodeIgniter\Model->insert([...], false)
 9 APPPATH\Controllers\ProductController.php(92): CodeIgniter\BaseModel->save([...])
10 SYSTEMPATH\CodeIgniter.php(907): App\Controllers\ProductController->create()
11 SYSTEMPATH\CodeIgniter.php(457): CodeIgniter\CodeIgniter->runController(Object(App\Controllers\ProductController))
12 SYSTEMPATH\CodeIgniter.php(340): CodeIgniter\CodeIgniter->handleRequest(null, Object(Config\Cache), false)
13 FCPATH\index.php(73): CodeIgniter\CodeIgniter->run()
14 SYSTEMPATH\Commands\Server\rewrite.php(43): require_once('FCPATH\\index.php')
ERROR - 2022-09-13 10:08:05 --> mysqli_sql_exception: Cannot add or update a child row: a foreign key constraint fails (`erp`.`product`, CONSTRAINT `product_ibfk_1` FOREIGN KEY (`defunit`) REFERENCES `units` (`id`) ON UPDATE CASCADE) in C:\xampp2\htdocs\codeigniter4-erp-clg\vendor\codeigniter4\framework\system\Database\MySQLi\Connection.php:292
Stack trace:
#0 C:\xampp2\htdocs\codeigniter4-erp-clg\vendor\codeigniter4\framework\system\Database\MySQLi\Connection.php(292): mysqli->query('INSERT INTO `pr...', 0)
#1 C:\xampp2\htdocs\codeigniter4-erp-clg\vendor\codeigniter4\framework\system\Database\BaseConnection.php(693): CodeIgniter\Database\MySQLi\Connection->execute('INSERT INTO `pr...')
#2 C:\xampp2\htdocs\codeigniter4-erp-clg\vendor\codeigniter4\framework\system\Database\BaseConnection.php(620): CodeIgniter\Database\BaseConnection->simpleQuery('INSERT INTO `pr...')
#3 C:\xampp2\htdocs\codeigniter4-erp-clg\vendor\codeigniter4\framework\system\Database\BaseBuilder.php(1916): CodeIgniter\Database\BaseConnection->query('INSERT INTO `pr...', Array, false)
#4 C:\xampp2\htdocs\codeigniter4-erp-clg\vendor\codeigniter4\framework\system\Model.php(279): CodeIgniter\Database\BaseBuilder->insert()
#5 C:\xampp2\htdocs\codeigniter4-erp-clg\vendor\codeigniter4\framework\system\BaseModel.php(738): CodeIgniter\Model->doInsert(Array)
#6 C:\xampp2\htdocs\codeigniter4-erp-clg\vendor\codeigniter4\framework\system\Model.php(667): CodeIgniter\BaseModel->insert(Array, false)
#7 C:\xampp2\htdocs\codeigniter4-erp-clg\vendor\codeigniter4\framework\system\BaseModel.php(658): CodeIgniter\Model->insert(Array, false)
#8 C:\xampp2\htdocs\codeigniter4-erp-clg\app\Controllers\ProductController.php(92): CodeIgniter\BaseModel->save(Array)
#9 C:\xampp2\htdocs\codeigniter4-erp-clg\vendor\codeigniter4\framework\system\CodeIgniter.php(907): App\Controllers\ProductController->create()
#10 C:\xampp2\htdocs\codeigniter4-erp-clg\vendor\codeigniter4\framework\system\CodeIgniter.php(457): CodeIgniter\CodeIgniter->runController(Object(App\Controllers\ProductController))
#11 C:\xampp2\htdocs\codeigniter4-erp-clg\vendor\codeigniter4\framework\system\CodeIgniter.php(340): CodeIgniter\CodeIgniter->handleRequest(NULL, Object(Config\Cache), false)
#12 C:\xampp2\htdocs\codeigniter4-erp-clg\public\index.php(73): CodeIgniter\CodeIgniter->run()
#13 C:\xampp2\htdocs\codeigniter4-erp-clg\vendor\codeigniter4\framework\system\Commands\Server\rewrite.php(43): require_once('C:\\xampp2\\htdoc...')
#14 {main}
CRITICAL - 2022-09-13 10:08:05 --> Cannot add or update a child row: a foreign key constraint fails (`erp`.`product`, CONSTRAINT `product_ibfk_1` FOREIGN KEY (`defunit`) REFERENCES `units` (`id`) ON UPDATE CASCADE)
in SYSTEMPATH\Database\MySQLi\Connection.php on line 292.
 1 SYSTEMPATH\Database\MySQLi\Connection.php(292): mysqli->query('INSERT INTO `product` (`name`, `defunit`, `groupunit`, `productgroup`, `supplier`, `brand`, `id`, `created_at`, `updated_at`) VALUES (\'Pepsodent Dental Expert\', \'UN-00000000001\', \'UN-00000000001\', \'PG-00000000002\', \'SP-00000000001\', \'PB-00000000003\', \'PR-00000000001\', \'2022-09-13 10:08:05\', \'2022-09-13 10:08:05\')', 0)
 2 SYSTEMPATH\Database\BaseConnection.php(693): CodeIgniter\Database\MySQLi\Connection->execute('INSERT INTO `product` (`name`, `defunit`, `groupunit`, `productgroup`, `supplier`, `brand`, `id`, `created_at`, `updated_at`) VALUES (\'Pepsodent Dental Expert\', \'UN-00000000001\', \'UN-00000000001\', \'PG-00000000002\', \'SP-00000000001\', \'PB-00000000003\', \'PR-00000000001\', \'2022-09-13 10:08:05\', \'2022-09-13 10:08:05\')')
 3 SYSTEMPATH\Database\BaseConnection.php(620): CodeIgniter\Database\BaseConnection->simpleQuery('INSERT INTO `product` (`name`, `defunit`, `groupunit`, `productgroup`, `supplier`, `brand`, `id`, `created_at`, `updated_at`) VALUES (\'Pepsodent Dental Expert\', \'UN-00000000001\', \'UN-00000000001\', \'PG-00000000002\', \'SP-00000000001\', \'PB-00000000003\', \'PR-00000000001\', \'2022-09-13 10:08:05\', \'2022-09-13 10:08:05\')')
 4 SYSTEMPATH\Database\BaseBuilder.php(1916): CodeIgniter\Database\BaseConnection->query('INSERT INTO `product` (`name`, `defunit`, `groupunit`, `productgroup`, `supplier`, `brand`, `id`, `created_at`, `updated_at`) VALUES (:name:, :defunit:, :groupunit:, :productgroup:, :supplier:, :brand:, :id.1:, :created_at:, :updated_at:)', [...], false)
 5 SYSTEMPATH\Model.php(279): CodeIgniter\Database\BaseBuilder->insert()
 6 SYSTEMPATH\BaseModel.php(738): CodeIgniter\Model->doInsert([...])
 7 SYSTEMPATH\Model.php(667): CodeIgniter\BaseModel->insert([...], false)
 8 SYSTEMPATH\BaseModel.php(658): CodeIgniter\Model->insert([...], false)
 9 APPPATH\Controllers\ProductController.php(92): CodeIgniter\BaseModel->save([...])
10 SYSTEMPATH\CodeIgniter.php(907): App\Controllers\ProductController->create()
11 SYSTEMPATH\CodeIgniter.php(457): CodeIgniter\CodeIgniter->runController(Object(App\Controllers\ProductController))
12 SYSTEMPATH\CodeIgniter.php(340): CodeIgniter\CodeIgniter->handleRequest(null, Object(Config\Cache), false)
13 FCPATH\index.php(73): CodeIgniter\CodeIgniter->run()
14 SYSTEMPATH\Commands\Server\rewrite.php(43): require_once('FCPATH\\index.php')
ERROR - 2022-09-13 10:09:03 --> mysqli_sql_exception: Cannot add or update a child row: a foreign key constraint fails (`erp`.`product`, CONSTRAINT `product_ibfk_1` FOREIGN KEY (`defunit`) REFERENCES `units` (`id`) ON UPDATE CASCADE) in C:\xampp2\htdocs\codeigniter4-erp-clg\vendor\codeigniter4\framework\system\Database\MySQLi\Connection.php:292
Stack trace:
#0 C:\xampp2\htdocs\codeigniter4-erp-clg\vendor\codeigniter4\framework\system\Database\MySQLi\Connection.php(292): mysqli->query('INSERT INTO `pr...', 0)
#1 C:\xampp2\htdocs\codeigniter4-erp-clg\vendor\codeigniter4\framework\system\Database\BaseConnection.php(693): CodeIgniter\Database\MySQLi\Connection->execute('INSERT INTO `pr...')
#2 C:\xampp2\htdocs\codeigniter4-erp-clg\vendor\codeigniter4\framework\system\Database\BaseConnection.php(620): CodeIgniter\Database\BaseConnection->simpleQuery('INSERT INTO `pr...')
#3 C:\xampp2\htdocs\codeigniter4-erp-clg\vendor\codeigniter4\framework\system\Database\BaseBuilder.php(1916): CodeIgniter\Database\BaseConnection->query('INSERT INTO `pr...', Array, false)
#4 C:\xampp2\htdocs\codeigniter4-erp-clg\vendor\codeigniter4\framework\system\Model.php(279): CodeIgniter\Database\BaseBuilder->insert()
#5 C:\xampp2\htdocs\codeigniter4-erp-clg\vendor\codeigniter4\framework\system\BaseModel.php(738): CodeIgniter\Model->doInsert(Array)
#6 C:\xampp2\htdocs\codeigniter4-erp-clg\vendor\codeigniter4\framework\system\Model.php(667): CodeIgniter\BaseModel->insert(Array, false)
#7 C:\xampp2\htdocs\codeigniter4-erp-clg\vendor\codeigniter4\framework\system\BaseModel.php(658): CodeIgniter\Model->insert(Array, false)
#8 C:\xampp2\htdocs\codeigniter4-erp-clg\app\Controllers\ProductController.php(92): CodeIgniter\BaseModel->save(Array)
#9 C:\xampp2\htdocs\codeigniter4-erp-clg\vendor\codeigniter4\framework\system\CodeIgniter.php(907): App\Controllers\ProductController->create()
#10 C:\xampp2\htdocs\codeigniter4-erp-clg\vendor\codeigniter4\framework\system\CodeIgniter.php(457): CodeIgniter\CodeIgniter->runController(Object(App\Controllers\ProductController))
#11 C:\xampp2\htdocs\codeigniter4-erp-clg\vendor\codeigniter4\framework\system\CodeIgniter.php(340): CodeIgniter\CodeIgniter->handleRequest(NULL, Object(Config\Cache), false)
#12 C:\xampp2\htdocs\codeigniter4-erp-clg\public\index.php(73): CodeIgniter\CodeIgniter->run()
#13 C:\xampp2\htdocs\codeigniter4-erp-clg\vendor\codeigniter4\framework\system\Commands\Server\rewrite.php(43): require_once('C:\\xampp2\\htdoc...')
#14 {main}
CRITICAL - 2022-09-13 10:09:03 --> Cannot add or update a child row: a foreign key constraint fails (`erp`.`product`, CONSTRAINT `product_ibfk_1` FOREIGN KEY (`defunit`) REFERENCES `units` (`id`) ON UPDATE CASCADE)
in SYSTEMPATH\Database\MySQLi\Connection.php on line 292.
 1 SYSTEMPATH\Database\MySQLi\Connection.php(292): mysqli->query('INSERT INTO `product` (`name`, `defunit`, `groupunit`, `productgroup`, `supplier`, `brand`, `id`, `created_at`, `updated_at`) VALUES (\'Pepsodent Dental Expert\', \'UN-00000000001\', \'UN-00000000001\', \'PG-00000000002\', \'SP-00000000001\', \'PB-00000000003\', \'PR-00000000001\', \'2022-09-13 10:09:03\', \'2022-09-13 10:09:03\')', 0)
 2 SYSTEMPATH\Database\BaseConnection.php(693): CodeIgniter\Database\MySQLi\Connection->execute('INSERT INTO `product` (`name`, `defunit`, `groupunit`, `productgroup`, `supplier`, `brand`, `id`, `created_at`, `updated_at`) VALUES (\'Pepsodent Dental Expert\', \'UN-00000000001\', \'UN-00000000001\', \'PG-00000000002\', \'SP-00000000001\', \'PB-00000000003\', \'PR-00000000001\', \'2022-09-13 10:09:03\', \'2022-09-13 10:09:03\')')
 3 SYSTEMPATH\Database\BaseConnection.php(620): CodeIgniter\Database\BaseConnection->simpleQuery('INSERT INTO `product` (`name`, `defunit`, `groupunit`, `productgroup`, `supplier`, `brand`, `id`, `created_at`, `updated_at`) VALUES (\'Pepsodent Dental Expert\', \'UN-00000000001\', \'UN-00000000001\', \'PG-00000000002\', \'SP-00000000001\', \'PB-00000000003\', \'PR-00000000001\', \'2022-09-13 10:09:03\', \'2022-09-13 10:09:03\')')
 4 SYSTEMPATH\Database\BaseBuilder.php(1916): CodeIgniter\Database\BaseConnection->query('INSERT INTO `product` (`name`, `defunit`, `groupunit`, `productgroup`, `supplier`, `brand`, `id`, `created_at`, `updated_at`) VALUES (:name:, :defunit:, :groupunit:, :productgroup:, :supplier:, :brand:, :id.1:, :created_at:, :updated_at:)', [...], false)
 5 SYSTEMPATH\Model.php(279): CodeIgniter\Database\BaseBuilder->insert()
 6 SYSTEMPATH\BaseModel.php(738): CodeIgniter\Model->doInsert([...])
 7 SYSTEMPATH\Model.php(667): CodeIgniter\BaseModel->insert([...], false)
 8 SYSTEMPATH\BaseModel.php(658): CodeIgniter\Model->insert([...], false)
 9 APPPATH\Controllers\ProductController.php(92): CodeIgniter\BaseModel->save([...])
10 SYSTEMPATH\CodeIgniter.php(907): App\Controllers\ProductController->create()
11 SYSTEMPATH\CodeIgniter.php(457): CodeIgniter\CodeIgniter->runController(Object(App\Controllers\ProductController))
12 SYSTEMPATH\CodeIgniter.php(340): CodeIgniter\CodeIgniter->handleRequest(null, Object(Config\Cache), false)
13 FCPATH\index.php(73): CodeIgniter\CodeIgniter->run()
14 SYSTEMPATH\Commands\Server\rewrite.php(43): require_once('FCPATH\\index.php')
ERROR - 2022-09-13 10:10:30 --> mysqli_sql_exception: Cannot add or update a child row: a foreign key constraint fails (`erp`.`product`, CONSTRAINT `product_ibfk_1` FOREIGN KEY (`defunit`) REFERENCES `units` (`id`) ON UPDATE CASCADE) in C:\xampp2\htdocs\codeigniter4-erp-clg\vendor\codeigniter4\framework\system\Database\MySQLi\Connection.php:292
Stack trace:
#0 C:\xampp2\htdocs\codeigniter4-erp-clg\vendor\codeigniter4\framework\system\Database\MySQLi\Connection.php(292): mysqli->query('INSERT INTO `pr...', 0)
#1 C:\xampp2\htdocs\codeigniter4-erp-clg\vendor\codeigniter4\framework\system\Database\BaseConnection.php(693): CodeIgniter\Database\MySQLi\Connection->execute('INSERT INTO `pr...')
#2 C:\xampp2\htdocs\codeigniter4-erp-clg\vendor\codeigniter4\framework\system\Database\BaseConnection.php(620): CodeIgniter\Database\BaseConnection->simpleQuery('INSERT INTO `pr...')
#3 C:\xampp2\htdocs\codeigniter4-erp-clg\vendor\codeigniter4\framework\system\Database\BaseBuilder.php(1916): CodeIgniter\Database\BaseConnection->query('INSERT INTO `pr...', Array, false)
#4 C:\xampp2\htdocs\codeigniter4-erp-clg\vendor\codeigniter4\framework\system\Model.php(279): CodeIgniter\Database\BaseBuilder->insert()
#5 C:\xampp2\htdocs\codeigniter4-erp-clg\vendor\codeigniter4\framework\system\BaseModel.php(738): CodeIgniter\Model->doInsert(Array)
#6 C:\xampp2\htdocs\codeigniter4-erp-clg\vendor\codeigniter4\framework\system\Model.php(667): CodeIgniter\BaseModel->insert(Array, false)
#7 C:\xampp2\htdocs\codeigniter4-erp-clg\vendor\codeigniter4\framework\system\BaseModel.php(658): CodeIgniter\Model->insert(Array, false)
#8 C:\xampp2\htdocs\codeigniter4-erp-clg\app\Controllers\ProductController.php(92): CodeIgniter\BaseModel->save(Array)
#9 C:\xampp2\htdocs\codeigniter4-erp-clg\vendor\codeigniter4\framework\system\CodeIgniter.php(907): App\Controllers\ProductController->create()
#10 C:\xampp2\htdocs\codeigniter4-erp-clg\vendor\codeigniter4\framework\system\CodeIgniter.php(457): CodeIgniter\CodeIgniter->runController(Object(App\Controllers\ProductController))
#11 C:\xampp2\htdocs\codeigniter4-erp-clg\vendor\codeigniter4\framework\system\CodeIgniter.php(340): CodeIgniter\CodeIgniter->handleRequest(NULL, Object(Config\Cache), false)
#12 C:\xampp2\htdocs\codeigniter4-erp-clg\public\index.php(73): CodeIgniter\CodeIgniter->run()
#13 C:\xampp2\htdocs\codeigniter4-erp-clg\vendor\codeigniter4\framework\system\Commands\Server\rewrite.php(43): require_once('C:\\xampp2\\htdoc...')
#14 {main}
CRITICAL - 2022-09-13 10:10:30 --> Cannot add or update a child row: a foreign key constraint fails (`erp`.`product`, CONSTRAINT `product_ibfk_1` FOREIGN KEY (`defunit`) REFERENCES `units` (`id`) ON UPDATE CASCADE)
in SYSTEMPATH\Database\MySQLi\Connection.php on line 292.
 1 SYSTEMPATH\Database\MySQLi\Connection.php(292): mysqli->query('INSERT INTO `product` (`name`, `defunit`, `groupunit`, `productgroup`, `supplier`, `brand`, `id`, `created_at`, `updated_at`) VALUES (\'Pepsodent Dental Expert\', \'UN-00000000001\', \'UN-00000000001\', \'PG-00000000002\', \'SP-00000000001\', \'PB-00000000003\', \'PR-00000000001\', \'2022-09-13 10:10:30\', \'2022-09-13 10:10:30\')', 0)
 2 SYSTEMPATH\Database\BaseConnection.php(693): CodeIgniter\Database\MySQLi\Connection->execute('INSERT INTO `product` (`name`, `defunit`, `groupunit`, `productgroup`, `supplier`, `brand`, `id`, `created_at`, `updated_at`) VALUES (\'Pepsodent Dental Expert\', \'UN-00000000001\', \'UN-00000000001\', \'PG-00000000002\', \'SP-00000000001\', \'PB-00000000003\', \'PR-00000000001\', \'2022-09-13 10:10:30\', \'2022-09-13 10:10:30\')')
 3 SYSTEMPATH\Database\BaseConnection.php(620): CodeIgniter\Database\BaseConnection->simpleQuery('INSERT INTO `product` (`name`, `defunit`, `groupunit`, `productgroup`, `supplier`, `brand`, `id`, `created_at`, `updated_at`) VALUES (\'Pepsodent Dental Expert\', \'UN-00000000001\', \'UN-00000000001\', \'PG-00000000002\', \'SP-00000000001\', \'PB-00000000003\', \'PR-00000000001\', \'2022-09-13 10:10:30\', \'2022-09-13 10:10:30\')')
 4 SYSTEMPATH\Database\BaseBuilder.php(1916): CodeIgniter\Database\BaseConnection->query('INSERT INTO `product` (`name`, `defunit`, `groupunit`, `productgroup`, `supplier`, `brand`, `id`, `created_at`, `updated_at`) VALUES (:name:, :defunit:, :groupunit:, :productgroup:, :supplier:, :brand:, :id.1:, :created_at:, :updated_at:)', [...], false)
 5 SYSTEMPATH\Model.php(279): CodeIgniter\Database\BaseBuilder->insert()
 6 SYSTEMPATH\BaseModel.php(738): CodeIgniter\Model->doInsert([...])
 7 SYSTEMPATH\Model.php(667): CodeIgniter\BaseModel->insert([...], false)
 8 SYSTEMPATH\BaseModel.php(658): CodeIgniter\Model->insert([...], false)
 9 APPPATH\Controllers\ProductController.php(92): CodeIgniter\BaseModel->save([...])
10 SYSTEMPATH\CodeIgniter.php(907): App\Controllers\ProductController->create()
11 SYSTEMPATH\CodeIgniter.php(457): CodeIgniter\CodeIgniter->runController(Object(App\Controllers\ProductController))
12 SYSTEMPATH\CodeIgniter.php(340): CodeIgniter\CodeIgniter->handleRequest(null, Object(Config\Cache), false)
13 FCPATH\index.php(73): CodeIgniter\CodeIgniter->run()
14 SYSTEMPATH\Commands\Server\rewrite.php(43): require_once('FCPATH\\index.php')
ERROR - 2022-09-13 10:13:19 --> mysqli_sql_exception: Cannot add or update a child row: a foreign key constraint fails (`erp`.`product`, CONSTRAINT `product_ibfk_1` FOREIGN KEY (`defunit`) REFERENCES `units` (`id`) ON UPDATE CASCADE) in C:\xampp2\htdocs\codeigniter4-erp-clg\vendor\codeigniter4\framework\system\Database\MySQLi\Connection.php:292
Stack trace:
#0 C:\xampp2\htdocs\codeigniter4-erp-clg\vendor\codeigniter4\framework\system\Database\MySQLi\Connection.php(292): mysqli->query('INSERT INTO `pr...', 0)
#1 C:\xampp2\htdocs\codeigniter4-erp-clg\vendor\codeigniter4\framework\system\Database\BaseConnection.php(693): CodeIgniter\Database\MySQLi\Connection->execute('INSERT INTO `pr...')
#2 C:\xampp2\htdocs\codeigniter4-erp-clg\vendor\codeigniter4\framework\system\Database\BaseConnection.php(620): CodeIgniter\Database\BaseConnection->simpleQuery('INSERT INTO `pr...')
#3 C:\xampp2\htdocs\codeigniter4-erp-clg\vendor\codeigniter4\framework\system\Database\BaseBuilder.php(1916): CodeIgniter\Database\BaseConnection->query('INSERT INTO `pr...', Array, false)
#4 C:\xampp2\htdocs\codeigniter4-erp-clg\vendor\codeigniter4\framework\system\Model.php(279): CodeIgniter\Database\BaseBuilder->insert()
#5 C:\xampp2\htdocs\codeigniter4-erp-clg\vendor\codeigniter4\framework\system\BaseModel.php(738): CodeIgniter\Model->doInsert(Array)
#6 C:\xampp2\htdocs\codeigniter4-erp-clg\vendor\codeigniter4\framework\system\Model.php(667): CodeIgniter\BaseModel->insert(Array, false)
#7 C:\xampp2\htdocs\codeigniter4-erp-clg\vendor\codeigniter4\framework\system\BaseModel.php(658): CodeIgniter\Model->insert(Array, false)
#8 C:\xampp2\htdocs\codeigniter4-erp-clg\app\Controllers\ProductController.php(92): CodeIgniter\BaseModel->save(Array)
#9 C:\xampp2\htdocs\codeigniter4-erp-clg\vendor\codeigniter4\framework\system\CodeIgniter.php(907): App\Controllers\ProductController->create()
#10 C:\xampp2\htdocs\codeigniter4-erp-clg\vendor\codeigniter4\framework\system\CodeIgniter.php(457): CodeIgniter\CodeIgniter->runController(Object(App\Controllers\ProductController))
#11 C:\xampp2\htdocs\codeigniter4-erp-clg\vendor\codeigniter4\framework\system\CodeIgniter.php(340): CodeIgniter\CodeIgniter->handleRequest(NULL, Object(Config\Cache), false)
#12 C:\xampp2\htdocs\codeigniter4-erp-clg\public\index.php(73): CodeIgniter\CodeIgniter->run()
#13 C:\xampp2\htdocs\codeigniter4-erp-clg\vendor\codeigniter4\framework\system\Commands\Server\rewrite.php(43): require_once('C:\\xampp2\\htdoc...')
#14 {main}
CRITICAL - 2022-09-13 10:13:19 --> Cannot add or update a child row: a foreign key constraint fails (`erp`.`product`, CONSTRAINT `product_ibfk_1` FOREIGN KEY (`defunit`) REFERENCES `units` (`id`) ON UPDATE CASCADE)
in SYSTEMPATH\Database\MySQLi\Connection.php on line 292.
 1 SYSTEMPATH\Database\MySQLi\Connection.php(292): mysqli->query('INSERT INTO `product` (`name`, `defunit`, `groupunit`, `productgroup`, `supplier`, `brand`, `id`, `created_at`, `updated_at`) VALUES (\'Pepsodent Dental Expert\', \'UN-00000000001\', \'UN-00000000003\', \'PG-00000000002\', \'SP-00000000001\', \'PB-00000000003\', \'PR-00000000001\', \'2022-09-13 10:13:19\', \'2022-09-13 10:13:19\')', 0)
 2 SYSTEMPATH\Database\BaseConnection.php(693): CodeIgniter\Database\MySQLi\Connection->execute('INSERT INTO `product` (`name`, `defunit`, `groupunit`, `productgroup`, `supplier`, `brand`, `id`, `created_at`, `updated_at`) VALUES (\'Pepsodent Dental Expert\', \'UN-00000000001\', \'UN-00000000003\', \'PG-00000000002\', \'SP-00000000001\', \'PB-00000000003\', \'PR-00000000001\', \'2022-09-13 10:13:19\', \'2022-09-13 10:13:19\')')
 3 SYSTEMPATH\Database\BaseConnection.php(620): CodeIgniter\Database\BaseConnection->simpleQuery('INSERT INTO `product` (`name`, `defunit`, `groupunit`, `productgroup`, `supplier`, `brand`, `id`, `created_at`, `updated_at`) VALUES (\'Pepsodent Dental Expert\', \'UN-00000000001\', \'UN-00000000003\', \'PG-00000000002\', \'SP-00000000001\', \'PB-00000000003\', \'PR-00000000001\', \'2022-09-13 10:13:19\', \'2022-09-13 10:13:19\')')
 4 SYSTEMPATH\Database\BaseBuilder.php(1916): CodeIgniter\Database\BaseConnection->query('INSERT INTO `product` (`name`, `defunit`, `groupunit`, `productgroup`, `supplier`, `brand`, `id`, `created_at`, `updated_at`) VALUES (:name:, :defunit:, :groupunit:, :productgroup:, :supplier:, :brand:, :id.1:, :created_at:, :updated_at:)', [...], false)
 5 SYSTEMPATH\Model.php(279): CodeIgniter\Database\BaseBuilder->insert()
 6 SYSTEMPATH\BaseModel.php(738): CodeIgniter\Model->doInsert([...])
 7 SYSTEMPATH\Model.php(667): CodeIgniter\BaseModel->insert([...], false)
 8 SYSTEMPATH\BaseModel.php(658): CodeIgniter\Model->insert([...], false)
 9 APPPATH\Controllers\ProductController.php(92): CodeIgniter\BaseModel->save([...])
10 SYSTEMPATH\CodeIgniter.php(907): App\Controllers\ProductController->create()
11 SYSTEMPATH\CodeIgniter.php(457): CodeIgniter\CodeIgniter->runController(Object(App\Controllers\ProductController))
12 SYSTEMPATH\CodeIgniter.php(340): CodeIgniter\CodeIgniter->handleRequest(null, Object(Config\Cache), false)
13 FCPATH\index.php(73): CodeIgniter\CodeIgniter->run()
14 SYSTEMPATH\Commands\Server\rewrite.php(43): require_once('FCPATH\\index.php')
ERROR - 2022-09-13 10:14:29 --> mysqli_sql_exception: Cannot add or update a child row: a foreign key constraint fails (`erp`.`product`, CONSTRAINT `product_ibfk_1` FOREIGN KEY (`defunit`) REFERENCES `units` (`id`) ON UPDATE CASCADE) in C:\xampp2\htdocs\codeigniter4-erp-clg\vendor\codeigniter4\framework\system\Database\MySQLi\Connection.php:292
Stack trace:
#0 C:\xampp2\htdocs\codeigniter4-erp-clg\vendor\codeigniter4\framework\system\Database\MySQLi\Connection.php(292): mysqli->query('INSERT INTO `pr...', 0)
#1 C:\xampp2\htdocs\codeigniter4-erp-clg\vendor\codeigniter4\framework\system\Database\BaseConnection.php(693): CodeIgniter\Database\MySQLi\Connection->execute('INSERT INTO `pr...')
#2 C:\xampp2\htdocs\codeigniter4-erp-clg\vendor\codeigniter4\framework\system\Database\BaseConnection.php(620): CodeIgniter\Database\BaseConnection->simpleQuery('INSERT INTO `pr...')
#3 C:\xampp2\htdocs\codeigniter4-erp-clg\vendor\codeigniter4\framework\system\Database\BaseBuilder.php(1916): CodeIgniter\Database\BaseConnection->query('INSERT INTO `pr...', Array, false)
#4 C:\xampp2\htdocs\codeigniter4-erp-clg\vendor\codeigniter4\framework\system\Model.php(279): CodeIgniter\Database\BaseBuilder->insert()
#5 C:\xampp2\htdocs\codeigniter4-erp-clg\vendor\codeigniter4\framework\system\BaseModel.php(738): CodeIgniter\Model->doInsert(Array)
#6 C:\xampp2\htdocs\codeigniter4-erp-clg\vendor\codeigniter4\framework\system\Model.php(667): CodeIgniter\BaseModel->insert(Array, false)
#7 C:\xampp2\htdocs\codeigniter4-erp-clg\vendor\codeigniter4\framework\system\BaseModel.php(658): CodeIgniter\Model->insert(Array, false)
#8 C:\xampp2\htdocs\codeigniter4-erp-clg\app\Controllers\ProductController.php(92): CodeIgniter\BaseModel->save(Array)
#9 C:\xampp2\htdocs\codeigniter4-erp-clg\vendor\codeigniter4\framework\system\CodeIgniter.php(907): App\Controllers\ProductController->create()
#10 C:\xampp2\htdocs\codeigniter4-erp-clg\vendor\codeigniter4\framework\system\CodeIgniter.php(457): CodeIgniter\CodeIgniter->runController(Object(App\Controllers\ProductController))
#11 C:\xampp2\htdocs\codeigniter4-erp-clg\vendor\codeigniter4\framework\system\CodeIgniter.php(340): CodeIgniter\CodeIgniter->handleRequest(NULL, Object(Config\Cache), false)
#12 C:\xampp2\htdocs\codeigniter4-erp-clg\public\index.php(73): CodeIgniter\CodeIgniter->run()
#13 C:\xampp2\htdocs\codeigniter4-erp-clg\vendor\codeigniter4\framework\system\Commands\Server\rewrite.php(43): require_once('C:\\xampp2\\htdoc...')
#14 {main}
CRITICAL - 2022-09-13 10:14:29 --> Cannot add or update a child row: a foreign key constraint fails (`erp`.`product`, CONSTRAINT `product_ibfk_1` FOREIGN KEY (`defunit`) REFERENCES `units` (`id`) ON UPDATE CASCADE)
in SYSTEMPATH\Database\MySQLi\Connection.php on line 292.
 1 SYSTEMPATH\Database\MySQLi\Connection.php(292): mysqli->query('INSERT INTO `product` (`name`, `groupunit`, `defunit`, `productgroup`, `supplier`, `brand`, `id`, `created_at`, `updated_at`) VALUES (\'Pepsodent Dental Expert\', \'UN-00000000003\', \'UN-00000000001\', \'PG-00000000002\', \'SP-00000000001\', \'PB-00000000003\', \'PR-00000000001\', \'2022-09-13 10:14:29\', \'2022-09-13 10:14:29\')', 0)
 2 SYSTEMPATH\Database\BaseConnection.php(693): CodeIgniter\Database\MySQLi\Connection->execute('INSERT INTO `product` (`name`, `groupunit`, `defunit`, `productgroup`, `supplier`, `brand`, `id`, `created_at`, `updated_at`) VALUES (\'Pepsodent Dental Expert\', \'UN-00000000003\', \'UN-00000000001\', \'PG-00000000002\', \'SP-00000000001\', \'PB-00000000003\', \'PR-00000000001\', \'2022-09-13 10:14:29\', \'2022-09-13 10:14:29\')')
 3 SYSTEMPATH\Database\BaseConnection.php(620): CodeIgniter\Database\BaseConnection->simpleQuery('INSERT INTO `product` (`name`, `groupunit`, `defunit`, `productgroup`, `supplier`, `brand`, `id`, `created_at`, `updated_at`) VALUES (\'Pepsodent Dental Expert\', \'UN-00000000003\', \'UN-00000000001\', \'PG-00000000002\', \'SP-00000000001\', \'PB-00000000003\', \'PR-00000000001\', \'2022-09-13 10:14:29\', \'2022-09-13 10:14:29\')')
 4 SYSTEMPATH\Database\BaseBuilder.php(1916): CodeIgniter\Database\BaseConnection->query('INSERT INTO `product` (`name`, `groupunit`, `defunit`, `productgroup`, `supplier`, `brand`, `id`, `created_at`, `updated_at`) VALUES (:name:, :groupunit:, :defunit:, :productgroup:, :supplier:, :brand:, :id.1:, :created_at:, :updated_at:)', [...], false)
 5 SYSTEMPATH\Model.php(279): CodeIgniter\Database\BaseBuilder->insert()
 6 SYSTEMPATH\BaseModel.php(738): CodeIgniter\Model->doInsert([...])
 7 SYSTEMPATH\Model.php(667): CodeIgniter\BaseModel->insert([...], false)
 8 SYSTEMPATH\BaseModel.php(658): CodeIgniter\Model->insert([...], false)
 9 APPPATH\Controllers\ProductController.php(92): CodeIgniter\BaseModel->save([...])
10 SYSTEMPATH\CodeIgniter.php(907): App\Controllers\ProductController->create()
11 SYSTEMPATH\CodeIgniter.php(457): CodeIgniter\CodeIgniter->runController(Object(App\Controllers\ProductController))
12 SYSTEMPATH\CodeIgniter.php(340): CodeIgniter\CodeIgniter->handleRequest(null, Object(Config\Cache), false)
13 FCPATH\index.php(73): CodeIgniter\CodeIgniter->run()
14 SYSTEMPATH\Commands\Server\rewrite.php(43): require_once('FCPATH\\index.php')
ERROR - 2022-09-13 10:14:44 --> mysqli_sql_exception: Cannot add or update a child row: a foreign key constraint fails (`erp`.`product`, CONSTRAINT `product_ibfk_1` FOREIGN KEY (`defunit`) REFERENCES `units` (`id`) ON UPDATE CASCADE) in C:\xampp2\htdocs\codeigniter4-erp-clg\vendor\codeigniter4\framework\system\Database\MySQLi\Connection.php:292
Stack trace:
#0 C:\xampp2\htdocs\codeigniter4-erp-clg\vendor\codeigniter4\framework\system\Database\MySQLi\Connection.php(292): mysqli->query('INSERT INTO `pr...', 0)
#1 C:\xampp2\htdocs\codeigniter4-erp-clg\vendor\codeigniter4\framework\system\Database\BaseConnection.php(693): CodeIgniter\Database\MySQLi\Connection->execute('INSERT INTO `pr...')
#2 C:\xampp2\htdocs\codeigniter4-erp-clg\vendor\codeigniter4\framework\system\Database\BaseConnection.php(620): CodeIgniter\Database\BaseConnection->simpleQuery('INSERT INTO `pr...')
#3 C:\xampp2\htdocs\codeigniter4-erp-clg\vendor\codeigniter4\framework\system\Database\BaseBuilder.php(1916): CodeIgniter\Database\BaseConnection->query('INSERT INTO `pr...', Array, false)
#4 C:\xampp2\htdocs\codeigniter4-erp-clg\vendor\codeigniter4\framework\system\Model.php(279): CodeIgniter\Database\BaseBuilder->insert()
#5 C:\xampp2\htdocs\codeigniter4-erp-clg\vendor\codeigniter4\framework\system\BaseModel.php(738): CodeIgniter\Model->doInsert(Array)
#6 C:\xampp2\htdocs\codeigniter4-erp-clg\vendor\codeigniter4\framework\system\Model.php(667): CodeIgniter\BaseModel->insert(Array, false)
#7 C:\xampp2\htdocs\codeigniter4-erp-clg\vendor\codeigniter4\framework\system\BaseModel.php(658): CodeIgniter\Model->insert(Array, false)
#8 C:\xampp2\htdocs\codeigniter4-erp-clg\app\Controllers\ProductController.php(92): CodeIgniter\BaseModel->save(Array)
#9 C:\xampp2\htdocs\codeigniter4-erp-clg\vendor\codeigniter4\framework\system\CodeIgniter.php(907): App\Controllers\ProductController->create()
#10 C:\xampp2\htdocs\codeigniter4-erp-clg\vendor\codeigniter4\framework\system\CodeIgniter.php(457): CodeIgniter\CodeIgniter->runController(Object(App\Controllers\ProductController))
#11 C:\xampp2\htdocs\codeigniter4-erp-clg\vendor\codeigniter4\framework\system\CodeIgniter.php(340): CodeIgniter\CodeIgniter->handleRequest(NULL, Object(Config\Cache), false)
#12 C:\xampp2\htdocs\codeigniter4-erp-clg\public\index.php(73): CodeIgniter\CodeIgniter->run()
#13 C:\xampp2\htdocs\codeigniter4-erp-clg\vendor\codeigniter4\framework\system\Commands\Server\rewrite.php(43): require_once('C:\\xampp2\\htdoc...')
#14 {main}
CRITICAL - 2022-09-13 10:14:44 --> Cannot add or update a child row: a foreign key constraint fails (`erp`.`product`, CONSTRAINT `product_ibfk_1` FOREIGN KEY (`defunit`) REFERENCES `units` (`id`) ON UPDATE CASCADE)
in SYSTEMPATH\Database\MySQLi\Connection.php on line 292.
 1 SYSTEMPATH\Database\MySQLi\Connection.php(292): mysqli->query('INSERT INTO `product` (`name`, `groupunit`, `defunit`, `productgroup`, `supplier`, `brand`, `id`, `created_at`, `updated_at`) VALUES (\'Pepsodent Dental Expert\', \'UN-00000000003\', \'UN-00000000003\', \'PG-00000000002\', \'SP-00000000001\', \'PB-00000000003\', \'PR-00000000001\', \'2022-09-13 10:14:44\', \'2022-09-13 10:14:44\')', 0)
 2 SYSTEMPATH\Database\BaseConnection.php(693): CodeIgniter\Database\MySQLi\Connection->execute('INSERT INTO `product` (`name`, `groupunit`, `defunit`, `productgroup`, `supplier`, `brand`, `id`, `created_at`, `updated_at`) VALUES (\'Pepsodent Dental Expert\', \'UN-00000000003\', \'UN-00000000003\', \'PG-00000000002\', \'SP-00000000001\', \'PB-00000000003\', \'PR-00000000001\', \'2022-09-13 10:14:44\', \'2022-09-13 10:14:44\')')
 3 SYSTEMPATH\Database\BaseConnection.php(620): CodeIgniter\Database\BaseConnection->simpleQuery('INSERT INTO `product` (`name`, `groupunit`, `defunit`, `productgroup`, `supplier`, `brand`, `id`, `created_at`, `updated_at`) VALUES (\'Pepsodent Dental Expert\', \'UN-00000000003\', \'UN-00000000003\', \'PG-00000000002\', \'SP-00000000001\', \'PB-00000000003\', \'PR-00000000001\', \'2022-09-13 10:14:44\', \'2022-09-13 10:14:44\')')
 4 SYSTEMPATH\Database\BaseBuilder.php(1916): CodeIgniter\Database\BaseConnection->query('INSERT INTO `product` (`name`, `groupunit`, `defunit`, `productgroup`, `supplier`, `brand`, `id`, `created_at`, `updated_at`) VALUES (:name:, :groupunit:, :defunit:, :productgroup:, :supplier:, :brand:, :id.1:, :created_at:, :updated_at:)', [...], false)
 5 SYSTEMPATH\Model.php(279): CodeIgniter\Database\BaseBuilder->insert()
 6 SYSTEMPATH\BaseModel.php(738): CodeIgniter\Model->doInsert([...])
 7 SYSTEMPATH\Model.php(667): CodeIgniter\BaseModel->insert([...], false)
 8 SYSTEMPATH\BaseModel.php(658): CodeIgniter\Model->insert([...], false)
 9 APPPATH\Controllers\ProductController.php(92): CodeIgniter\BaseModel->save([...])
10 SYSTEMPATH\CodeIgniter.php(907): App\Controllers\ProductController->create()
11 SYSTEMPATH\CodeIgniter.php(457): CodeIgniter\CodeIgniter->runController(Object(App\Controllers\ProductController))
12 SYSTEMPATH\CodeIgniter.php(340): CodeIgniter\CodeIgniter->handleRequest(null, Object(Config\Cache), false)
13 FCPATH\index.php(73): CodeIgniter\CodeIgniter->run()
14 SYSTEMPATH\Commands\Server\rewrite.php(43): require_once('FCPATH\\index.php')
ERROR - 2022-09-13 10:17:00 --> mysqli_sql_exception: Cannot add or update a child row: a foreign key constraint fails (`erp`.`product`, CONSTRAINT `product_ibfk_1` FOREIGN KEY (`defunit`) REFERENCES `units` (`id`) ON UPDATE CASCADE) in C:\xampp2\htdocs\codeigniter4-erp-clg\vendor\codeigniter4\framework\system\Database\MySQLi\Connection.php:292
Stack trace:
#0 C:\xampp2\htdocs\codeigniter4-erp-clg\vendor\codeigniter4\framework\system\Database\MySQLi\Connection.php(292): mysqli->query('INSERT INTO `pr...', 0)
#1 C:\xampp2\htdocs\codeigniter4-erp-clg\vendor\codeigniter4\framework\system\Database\BaseConnection.php(693): CodeIgniter\Database\MySQLi\Connection->execute('INSERT INTO `pr...')
#2 C:\xampp2\htdocs\codeigniter4-erp-clg\vendor\codeigniter4\framework\system\Database\BaseConnection.php(620): CodeIgniter\Database\BaseConnection->simpleQuery('INSERT INTO `pr...')
#3 C:\xampp2\htdocs\codeigniter4-erp-clg\vendor\codeigniter4\framework\system\Database\BaseBuilder.php(1916): CodeIgniter\Database\BaseConnection->query('INSERT INTO `pr...', Array, false)
#4 C:\xampp2\htdocs\codeigniter4-erp-clg\vendor\codeigniter4\framework\system\Model.php(279): CodeIgniter\Database\BaseBuilder->insert()
#5 C:\xampp2\htdocs\codeigniter4-erp-clg\vendor\codeigniter4\framework\system\BaseModel.php(738): CodeIgniter\Model->doInsert(Array)
#6 C:\xampp2\htdocs\codeigniter4-erp-clg\vendor\codeigniter4\framework\system\Model.php(667): CodeIgniter\BaseModel->insert(Array, false)
#7 C:\xampp2\htdocs\codeigniter4-erp-clg\vendor\codeigniter4\framework\system\BaseModel.php(658): CodeIgniter\Model->insert(Array, false)
#8 C:\xampp2\htdocs\codeigniter4-erp-clg\app\Controllers\ProductController.php(92): CodeIgniter\BaseModel->save(Array)
#9 C:\xampp2\htdocs\codeigniter4-erp-clg\vendor\codeigniter4\framework\system\CodeIgniter.php(907): App\Controllers\ProductController->create()
#10 C:\xampp2\htdocs\codeigniter4-erp-clg\vendor\codeigniter4\framework\system\CodeIgniter.php(457): CodeIgniter\CodeIgniter->runController(Object(App\Controllers\ProductController))
#11 C:\xampp2\htdocs\codeigniter4-erp-clg\vendor\codeigniter4\framework\system\CodeIgniter.php(340): CodeIgniter\CodeIgniter->handleRequest(NULL, Object(Config\Cache), false)
#12 C:\xampp2\htdocs\codeigniter4-erp-clg\public\index.php(73): CodeIgniter\CodeIgniter->run()
#13 C:\xampp2\htdocs\codeigniter4-erp-clg\vendor\codeigniter4\framework\system\Commands\Server\rewrite.php(43): require_once('C:\\xampp2\\htdoc...')
#14 {main}
CRITICAL - 2022-09-13 10:17:00 --> Cannot add or update a child row: a foreign key constraint fails (`erp`.`product`, CONSTRAINT `product_ibfk_1` FOREIGN KEY (`defunit`) REFERENCES `units` (`id`) ON UPDATE CASCADE)
in SYSTEMPATH\Database\MySQLi\Connection.php on line 292.
 1 SYSTEMPATH\Database\MySQLi\Connection.php(292): mysqli->query('INSERT INTO `product` (`name`, `groupunit`, `defunit`, `productgroup`, `supplier`, `brand`, `id`, `created_at`, `updated_at`) VALUES (\'Pepsodent Dental Expert\', \'UN-00000000003\', \'UN-00000000001\', \'PG-00000000002\', \'SP-00000000001\', \'PB-00000000003\', \'PR-00000000001\', \'2022-09-13 10:17:00\', \'2022-09-13 10:17:00\')', 0)
 2 SYSTEMPATH\Database\BaseConnection.php(693): CodeIgniter\Database\MySQLi\Connection->execute('INSERT INTO `product` (`name`, `groupunit`, `defunit`, `productgroup`, `supplier`, `brand`, `id`, `created_at`, `updated_at`) VALUES (\'Pepsodent Dental Expert\', \'UN-00000000003\', \'UN-00000000001\', \'PG-00000000002\', \'SP-00000000001\', \'PB-00000000003\', \'PR-00000000001\', \'2022-09-13 10:17:00\', \'2022-09-13 10:17:00\')')
 3 SYSTEMPATH\Database\BaseConnection.php(620): CodeIgniter\Database\BaseConnection->simpleQuery('INSERT INTO `product` (`name`, `groupunit`, `defunit`, `productgroup`, `supplier`, `brand`, `id`, `created_at`, `updated_at`) VALUES (\'Pepsodent Dental Expert\', \'UN-00000000003\', \'UN-00000000001\', \'PG-00000000002\', \'SP-00000000001\', \'PB-00000000003\', \'PR-00000000001\', \'2022-09-13 10:17:00\', \'2022-09-13 10:17:00\')')
 4 SYSTEMPATH\Database\BaseBuilder.php(1916): CodeIgniter\Database\BaseConnection->query('INSERT INTO `product` (`name`, `groupunit`, `defunit`, `productgroup`, `supplier`, `brand`, `id`, `created_at`, `updated_at`) VALUES (:name:, :groupunit:, :defunit:, :productgroup:, :supplier:, :brand:, :id.1:, :created_at:, :updated_at:)', [...], false)
 5 SYSTEMPATH\Model.php(279): CodeIgniter\Database\BaseBuilder->insert()
 6 SYSTEMPATH\BaseModel.php(738): CodeIgniter\Model->doInsert([...])
 7 SYSTEMPATH\Model.php(667): CodeIgniter\BaseModel->insert([...], false)
 8 SYSTEMPATH\BaseModel.php(658): CodeIgniter\Model->insert([...], false)
 9 APPPATH\Controllers\ProductController.php(92): CodeIgniter\BaseModel->save([...])
10 SYSTEMPATH\CodeIgniter.php(907): App\Controllers\ProductController->create()
11 SYSTEMPATH\CodeIgniter.php(457): CodeIgniter\CodeIgniter->runController(Object(App\Controllers\ProductController))
12 SYSTEMPATH\CodeIgniter.php(340): CodeIgniter\CodeIgniter->handleRequest(null, Object(Config\Cache), false)
13 FCPATH\index.php(73): CodeIgniter\CodeIgniter->run()
14 SYSTEMPATH\Commands\Server\rewrite.php(43): require_once('FCPATH\\index.php')
ERROR - 2022-09-13 10:18:49 --> mysqli_sql_exception: Cannot add or update a child row: a foreign key constraint fails (`erp`.`product`, CONSTRAINT `product_ibfk_1` FOREIGN KEY (`defunit`) REFERENCES `units` (`id`) ON UPDATE CASCADE) in C:\xampp2\htdocs\codeigniter4-erp-clg\vendor\codeigniter4\framework\system\Database\MySQLi\Connection.php:292
Stack trace:
#0 C:\xampp2\htdocs\codeigniter4-erp-clg\vendor\codeigniter4\framework\system\Database\MySQLi\Connection.php(292): mysqli->query('INSERT INTO `pr...', 0)
#1 C:\xampp2\htdocs\codeigniter4-erp-clg\vendor\codeigniter4\framework\system\Database\BaseConnection.php(693): CodeIgniter\Database\MySQLi\Connection->execute('INSERT INTO `pr...')
#2 C:\xampp2\htdocs\codeigniter4-erp-clg\vendor\codeigniter4\framework\system\Database\BaseConnection.php(620): CodeIgniter\Database\BaseConnection->simpleQuery('INSERT INTO `pr...')
#3 C:\xampp2\htdocs\codeigniter4-erp-clg\vendor\codeigniter4\framework\system\Database\BaseBuilder.php(1916): CodeIgniter\Database\BaseConnection->query('INSERT INTO `pr...', Array, false)
#4 C:\xampp2\htdocs\codeigniter4-erp-clg\vendor\codeigniter4\framework\system\Model.php(279): CodeIgniter\Database\BaseBuilder->insert()
#5 C:\xampp2\htdocs\codeigniter4-erp-clg\vendor\codeigniter4\framework\system\BaseModel.php(738): CodeIgniter\Model->doInsert(Array)
#6 C:\xampp2\htdocs\codeigniter4-erp-clg\vendor\codeigniter4\framework\system\Model.php(667): CodeIgniter\BaseModel->insert(Array, false)
#7 C:\xampp2\htdocs\codeigniter4-erp-clg\vendor\codeigniter4\framework\system\BaseModel.php(658): CodeIgniter\Model->insert(Array, false)
#8 C:\xampp2\htdocs\codeigniter4-erp-clg\app\Controllers\ProductController.php(92): CodeIgniter\BaseModel->save(Array)
#9 C:\xampp2\htdocs\codeigniter4-erp-clg\vendor\codeigniter4\framework\system\CodeIgniter.php(907): App\Controllers\ProductController->create()
#10 C:\xampp2\htdocs\codeigniter4-erp-clg\vendor\codeigniter4\framework\system\CodeIgniter.php(457): CodeIgniter\CodeIgniter->runController(Object(App\Controllers\ProductController))
#11 C:\xampp2\htdocs\codeigniter4-erp-clg\vendor\codeigniter4\framework\system\CodeIgniter.php(340): CodeIgniter\CodeIgniter->handleRequest(NULL, Object(Config\Cache), false)
#12 C:\xampp2\htdocs\codeigniter4-erp-clg\public\index.php(73): CodeIgniter\CodeIgniter->run()
#13 C:\xampp2\htdocs\codeigniter4-erp-clg\vendor\codeigniter4\framework\system\Commands\Server\rewrite.php(43): require_once('C:\\xampp2\\htdoc...')
#14 {main}
CRITICAL - 2022-09-13 10:18:49 --> Cannot add or update a child row: a foreign key constraint fails (`erp`.`product`, CONSTRAINT `product_ibfk_1` FOREIGN KEY (`defunit`) REFERENCES `units` (`id`) ON UPDATE CASCADE)
in SYSTEMPATH\Database\MySQLi\Connection.php on line 292.
 1 SYSTEMPATH\Database\MySQLi\Connection.php(292): mysqli->query('INSERT INTO `product` (`name`, `groupunit`, `defunit`, `productgroup`, `supplier`, `brand`, `id`, `created_at`, `updated_at`) VALUES (\'Pepsodent Dental Expert\', \'UN-00000000003\', \'UN-00000000001\', \'PG-00000000002\', \'SP-00000000001\', \'PB-00000000003\', \'PR-00000000001\', \'2022-09-13 10:18:49\', \'2022-09-13 10:18:49\')', 0)
 2 SYSTEMPATH\Database\BaseConnection.php(693): CodeIgniter\Database\MySQLi\Connection->execute('INSERT INTO `product` (`name`, `groupunit`, `defunit`, `productgroup`, `supplier`, `brand`, `id`, `created_at`, `updated_at`) VALUES (\'Pepsodent Dental Expert\', \'UN-00000000003\', \'UN-00000000001\', \'PG-00000000002\', \'SP-00000000001\', \'PB-00000000003\', \'PR-00000000001\', \'2022-09-13 10:18:49\', \'2022-09-13 10:18:49\')')
 3 SYSTEMPATH\Database\BaseConnection.php(620): CodeIgniter\Database\BaseConnection->simpleQuery('INSERT INTO `product` (`name`, `groupunit`, `defunit`, `productgroup`, `supplier`, `brand`, `id`, `created_at`, `updated_at`) VALUES (\'Pepsodent Dental Expert\', \'UN-00000000003\', \'UN-00000000001\', \'PG-00000000002\', \'SP-00000000001\', \'PB-00000000003\', \'PR-00000000001\', \'2022-09-13 10:18:49\', \'2022-09-13 10:18:49\')')
 4 SYSTEMPATH\Database\BaseBuilder.php(1916): CodeIgniter\Database\BaseConnection->query('INSERT INTO `product` (`name`, `groupunit`, `defunit`, `productgroup`, `supplier`, `brand`, `id`, `created_at`, `updated_at`) VALUES (:name:, :groupunit:, :defunit:, :productgroup:, :supplier:, :brand:, :id.1:, :created_at:, :updated_at:)', [...], false)
 5 SYSTEMPATH\Model.php(279): CodeIgniter\Database\BaseBuilder->insert()
 6 SYSTEMPATH\BaseModel.php(738): CodeIgniter\Model->doInsert([...])
 7 SYSTEMPATH\Model.php(667): CodeIgniter\BaseModel->insert([...], false)
 8 SYSTEMPATH\BaseModel.php(658): CodeIgniter\Model->insert([...], false)
 9 APPPATH\Controllers\ProductController.php(92): CodeIgniter\BaseModel->save([...])
10 SYSTEMPATH\CodeIgniter.php(907): App\Controllers\ProductController->create()
11 SYSTEMPATH\CodeIgniter.php(457): CodeIgniter\CodeIgniter->runController(Object(App\Controllers\ProductController))
12 SYSTEMPATH\CodeIgniter.php(340): CodeIgniter\CodeIgniter->handleRequest(null, Object(Config\Cache), false)
13 FCPATH\index.php(73): CodeIgniter\CodeIgniter->run()
14 SYSTEMPATH\Commands\Server\rewrite.php(43): require_once('FCPATH\\index.php')
ERROR - 2022-09-13 10:19:47 --> mysqli_sql_exception: Cannot add or update a child row: a foreign key constraint fails (`erp`.`product`, CONSTRAINT `product_ibfk_1` FOREIGN KEY (`defunit`) REFERENCES `units` (`id`) ON UPDATE CASCADE) in C:\xampp2\htdocs\codeigniter4-erp-clg\vendor\codeigniter4\framework\system\Database\MySQLi\Connection.php:292
Stack trace:
#0 C:\xampp2\htdocs\codeigniter4-erp-clg\vendor\codeigniter4\framework\system\Database\MySQLi\Connection.php(292): mysqli->query('INSERT INTO `pr...', 0)
#1 C:\xampp2\htdocs\codeigniter4-erp-clg\vendor\codeigniter4\framework\system\Database\BaseConnection.php(693): CodeIgniter\Database\MySQLi\Connection->execute('INSERT INTO `pr...')
#2 C:\xampp2\htdocs\codeigniter4-erp-clg\vendor\codeigniter4\framework\system\Database\BaseConnection.php(620): CodeIgniter\Database\BaseConnection->simpleQuery('INSERT INTO `pr...')
#3 C:\xampp2\htdocs\codeigniter4-erp-clg\vendor\codeigniter4\framework\system\Database\BaseBuilder.php(1916): CodeIgniter\Database\BaseConnection->query('INSERT INTO `pr...', Array, false)
#4 C:\xampp2\htdocs\codeigniter4-erp-clg\vendor\codeigniter4\framework\system\Model.php(279): CodeIgniter\Database\BaseBuilder->insert()
#5 C:\xampp2\htdocs\codeigniter4-erp-clg\vendor\codeigniter4\framework\system\BaseModel.php(738): CodeIgniter\Model->doInsert(Array)
#6 C:\xampp2\htdocs\codeigniter4-erp-clg\vendor\codeigniter4\framework\system\Model.php(667): CodeIgniter\BaseModel->insert(Array, false)
#7 C:\xampp2\htdocs\codeigniter4-erp-clg\vendor\codeigniter4\framework\system\BaseModel.php(658): CodeIgniter\Model->insert(Array, false)
#8 C:\xampp2\htdocs\codeigniter4-erp-clg\app\Controllers\ProductController.php(92): CodeIgniter\BaseModel->save(Array)
#9 C:\xampp2\htdocs\codeigniter4-erp-clg\vendor\codeigniter4\framework\system\CodeIgniter.php(907): App\Controllers\ProductController->create()
#10 C:\xampp2\htdocs\codeigniter4-erp-clg\vendor\codeigniter4\framework\system\CodeIgniter.php(457): CodeIgniter\CodeIgniter->runController(Object(App\Controllers\ProductController))
#11 C:\xampp2\htdocs\codeigniter4-erp-clg\vendor\codeigniter4\framework\system\CodeIgniter.php(340): CodeIgniter\CodeIgniter->handleRequest(NULL, Object(Config\Cache), false)
#12 C:\xampp2\htdocs\codeigniter4-erp-clg\public\index.php(73): CodeIgniter\CodeIgniter->run()
#13 C:\xampp2\htdocs\codeigniter4-erp-clg\vendor\codeigniter4\framework\system\Commands\Server\rewrite.php(43): require_once('C:\\xampp2\\htdoc...')
#14 {main}
CRITICAL - 2022-09-13 10:19:47 --> Cannot add or update a child row: a foreign key constraint fails (`erp`.`product`, CONSTRAINT `product_ibfk_1` FOREIGN KEY (`defunit`) REFERENCES `units` (`id`) ON UPDATE CASCADE)
in SYSTEMPATH\Database\MySQLi\Connection.php on line 292.
 1 SYSTEMPATH\Database\MySQLi\Connection.php(292): mysqli->query('INSERT INTO `product` (`name`, `groupunit`, `defunit`, `productgroup`, `supplier`, `brand`, `id`, `created_at`, `updated_at`) VALUES (\'Pepsodent Dental Expert\', \'UN-00000000003\', \'UN-00000000001\', \'PG-00000000002\', \'SP-00000000001\', \'PB-00000000003\', \'PR-00000000001\', \'2022-09-13 10:19:47\', \'2022-09-13 10:19:47\')', 0)
 2 SYSTEMPATH\Database\BaseConnection.php(693): CodeIgniter\Database\MySQLi\Connection->execute('INSERT INTO `product` (`name`, `groupunit`, `defunit`, `productgroup`, `supplier`, `brand`, `id`, `created_at`, `updated_at`) VALUES (\'Pepsodent Dental Expert\', \'UN-00000000003\', \'UN-00000000001\', \'PG-00000000002\', \'SP-00000000001\', \'PB-00000000003\', \'PR-00000000001\', \'2022-09-13 10:19:47\', \'2022-09-13 10:19:47\')')
 3 SYSTEMPATH\Database\BaseConnection.php(620): CodeIgniter\Database\BaseConnection->simpleQuery('INSERT INTO `product` (`name`, `groupunit`, `defunit`, `productgroup`, `supplier`, `brand`, `id`, `created_at`, `updated_at`) VALUES (\'Pepsodent Dental Expert\', \'UN-00000000003\', \'UN-00000000001\', \'PG-00000000002\', \'SP-00000000001\', \'PB-00000000003\', \'PR-00000000001\', \'2022-09-13 10:19:47\', \'2022-09-13 10:19:47\')')
 4 SYSTEMPATH\Database\BaseBuilder.php(1916): CodeIgniter\Database\BaseConnection->query('INSERT INTO `product` (`name`, `groupunit`, `defunit`, `productgroup`, `supplier`, `brand`, `id`, `created_at`, `updated_at`) VALUES (:name:, :groupunit:, :defunit:, :productgroup:, :supplier:, :brand:, :id.1:, :created_at:, :updated_at:)', [...], false)
 5 SYSTEMPATH\Model.php(279): CodeIgniter\Database\BaseBuilder->insert()
 6 SYSTEMPATH\BaseModel.php(738): CodeIgniter\Model->doInsert([...])
 7 SYSTEMPATH\Model.php(667): CodeIgniter\BaseModel->insert([...], false)
 8 SYSTEMPATH\BaseModel.php(658): CodeIgniter\Model->insert([...], false)
 9 APPPATH\Controllers\ProductController.php(92): CodeIgniter\BaseModel->save([...])
10 SYSTEMPATH\CodeIgniter.php(907): App\Controllers\ProductController->create()
11 SYSTEMPATH\CodeIgniter.php(457): CodeIgniter\CodeIgniter->runController(Object(App\Controllers\ProductController))
12 SYSTEMPATH\CodeIgniter.php(340): CodeIgniter\CodeIgniter->handleRequest(null, Object(Config\Cache), false)
13 FCPATH\index.php(73): CodeIgniter\CodeIgniter->run()
14 SYSTEMPATH\Commands\Server\rewrite.php(43): require_once('FCPATH\\index.php')
ERROR - 2022-09-13 10:20:43 --> mysqli_sql_exception: Cannot add or update a child row: a foreign key constraint fails (`erp`.`product`, CONSTRAINT `product_ibfk_1` FOREIGN KEY (`defunit`) REFERENCES `units` (`id`) ON UPDATE CASCADE) in C:\xampp2\htdocs\codeigniter4-erp-clg\vendor\codeigniter4\framework\system\Database\MySQLi\Connection.php:292
Stack trace:
#0 C:\xampp2\htdocs\codeigniter4-erp-clg\vendor\codeigniter4\framework\system\Database\MySQLi\Connection.php(292): mysqli->query('INSERT INTO `pr...', 0)
#1 C:\xampp2\htdocs\codeigniter4-erp-clg\vendor\codeigniter4\framework\system\Database\BaseConnection.php(693): CodeIgniter\Database\MySQLi\Connection->execute('INSERT INTO `pr...')
#2 C:\xampp2\htdocs\codeigniter4-erp-clg\vendor\codeigniter4\framework\system\Database\BaseConnection.php(620): CodeIgniter\Database\BaseConnection->simpleQuery('INSERT INTO `pr...')
#3 C:\xampp2\htdocs\codeigniter4-erp-clg\vendor\codeigniter4\framework\system\Database\BaseBuilder.php(1916): CodeIgniter\Database\BaseConnection->query('INSERT INTO `pr...', Array, false)
#4 C:\xampp2\htdocs\codeigniter4-erp-clg\vendor\codeigniter4\framework\system\Model.php(279): CodeIgniter\Database\BaseBuilder->insert()
#5 C:\xampp2\htdocs\codeigniter4-erp-clg\vendor\codeigniter4\framework\system\BaseModel.php(738): CodeIgniter\Model->doInsert(Array)
#6 C:\xampp2\htdocs\codeigniter4-erp-clg\vendor\codeigniter4\framework\system\Model.php(667): CodeIgniter\BaseModel->insert(Array, false)
#7 C:\xampp2\htdocs\codeigniter4-erp-clg\vendor\codeigniter4\framework\system\BaseModel.php(658): CodeIgniter\Model->insert(Array, false)
#8 C:\xampp2\htdocs\codeigniter4-erp-clg\app\Controllers\ProductController.php(92): CodeIgniter\BaseModel->save(Array)
#9 C:\xampp2\htdocs\codeigniter4-erp-clg\vendor\codeigniter4\framework\system\CodeIgniter.php(907): App\Controllers\ProductController->create()
#10 C:\xampp2\htdocs\codeigniter4-erp-clg\vendor\codeigniter4\framework\system\CodeIgniter.php(457): CodeIgniter\CodeIgniter->runController(Object(App\Controllers\ProductController))
#11 C:\xampp2\htdocs\codeigniter4-erp-clg\vendor\codeigniter4\framework\system\CodeIgniter.php(340): CodeIgniter\CodeIgniter->handleRequest(NULL, Object(Config\Cache), false)
#12 C:\xampp2\htdocs\codeigniter4-erp-clg\public\index.php(73): CodeIgniter\CodeIgniter->run()
#13 C:\xampp2\htdocs\codeigniter4-erp-clg\vendor\codeigniter4\framework\system\Commands\Server\rewrite.php(43): require_once('C:\\xampp2\\htdoc...')
#14 {main}
CRITICAL - 2022-09-13 10:20:43 --> Cannot add or update a child row: a foreign key constraint fails (`erp`.`product`, CONSTRAINT `product_ibfk_1` FOREIGN KEY (`defunit`) REFERENCES `units` (`id`) ON UPDATE CASCADE)
in SYSTEMPATH\Database\MySQLi\Connection.php on line 292.
 1 SYSTEMPATH\Database\MySQLi\Connection.php(292): mysqli->query('INSERT INTO `product` (`name`, `groupunit`, `defunit`, `productgroup`, `supplier`, `brand`, `id`, `created_at`, `updated_at`) VALUES (\'Pepsodent Dental Expert\', \'UN-00000000003\', \'UN-00000000003\', \'PG-00000000002\', \'SP-00000000001\', \'PB-00000000003\', \'PR-00000000001\', \'2022-09-13 10:20:43\', \'2022-09-13 10:20:43\')', 0)
 2 SYSTEMPATH\Database\BaseConnection.php(693): CodeIgniter\Database\MySQLi\Connection->execute('INSERT INTO `product` (`name`, `groupunit`, `defunit`, `productgroup`, `supplier`, `brand`, `id`, `created_at`, `updated_at`) VALUES (\'Pepsodent Dental Expert\', \'UN-00000000003\', \'UN-00000000003\', \'PG-00000000002\', \'SP-00000000001\', \'PB-00000000003\', \'PR-00000000001\', \'2022-09-13 10:20:43\', \'2022-09-13 10:20:43\')')
 3 SYSTEMPATH\Database\BaseConnection.php(620): CodeIgniter\Database\BaseConnection->simpleQuery('INSERT INTO `product` (`name`, `groupunit`, `defunit`, `productgroup`, `supplier`, `brand`, `id`, `created_at`, `updated_at`) VALUES (\'Pepsodent Dental Expert\', \'UN-00000000003\', \'UN-00000000003\', \'PG-00000000002\', \'SP-00000000001\', \'PB-00000000003\', \'PR-00000000001\', \'2022-09-13 10:20:43\', \'2022-09-13 10:20:43\')')
 4 SYSTEMPATH\Database\BaseBuilder.php(1916): CodeIgniter\Database\BaseConnection->query('INSERT INTO `product` (`name`, `groupunit`, `defunit`, `productgroup`, `supplier`, `brand`, `id`, `created_at`, `updated_at`) VALUES (:name:, :groupunit:, :defunit:, :productgroup:, :supplier:, :brand:, :id.1:, :created_at:, :updated_at:)', [...], false)
 5 SYSTEMPATH\Model.php(279): CodeIgniter\Database\BaseBuilder->insert()
 6 SYSTEMPATH\BaseModel.php(738): CodeIgniter\Model->doInsert([...])
 7 SYSTEMPATH\Model.php(667): CodeIgniter\BaseModel->insert([...], false)
 8 SYSTEMPATH\BaseModel.php(658): CodeIgniter\Model->insert([...], false)
 9 APPPATH\Controllers\ProductController.php(92): CodeIgniter\BaseModel->save([...])
10 SYSTEMPATH\CodeIgniter.php(907): App\Controllers\ProductController->create()
11 SYSTEMPATH\CodeIgniter.php(457): CodeIgniter\CodeIgniter->runController(Object(App\Controllers\ProductController))
12 SYSTEMPATH\CodeIgniter.php(340): CodeIgniter\CodeIgniter->handleRequest(null, Object(Config\Cache), false)
13 FCPATH\index.php(73): CodeIgniter\CodeIgniter->run()
14 SYSTEMPATH\Commands\Server\rewrite.php(43): require_once('FCPATH\\index.php')
ERROR - 2022-09-13 10:25:13 --> mysqli_sql_exception: Cannot add or update a child row: a foreign key constraint fails (`erp`.`product`, CONSTRAINT `product_ibfk_5` FOREIGN KEY (`brand`) REFERENCES `productbrand` (`id`) ON UPDATE CASCADE) in C:\xampp2\htdocs\codeigniter4-erp-clg\vendor\codeigniter4\framework\system\Database\MySQLi\Connection.php:292
Stack trace:
#0 C:\xampp2\htdocs\codeigniter4-erp-clg\vendor\codeigniter4\framework\system\Database\MySQLi\Connection.php(292): mysqli->query('INSERT INTO `pr...', 0)
#1 C:\xampp2\htdocs\codeigniter4-erp-clg\vendor\codeigniter4\framework\system\Database\BaseConnection.php(693): CodeIgniter\Database\MySQLi\Connection->execute('INSERT INTO `pr...')
#2 C:\xampp2\htdocs\codeigniter4-erp-clg\vendor\codeigniter4\framework\system\Database\BaseConnection.php(620): CodeIgniter\Database\BaseConnection->simpleQuery('INSERT INTO `pr...')
#3 C:\xampp2\htdocs\codeigniter4-erp-clg\vendor\codeigniter4\framework\system\Database\BaseBuilder.php(1916): CodeIgniter\Database\BaseConnection->query('INSERT INTO `pr...', Array, false)
#4 C:\xampp2\htdocs\codeigniter4-erp-clg\vendor\codeigniter4\framework\system\Model.php(279): CodeIgniter\Database\BaseBuilder->insert()
#5 C:\xampp2\htdocs\codeigniter4-erp-clg\vendor\codeigniter4\framework\system\BaseModel.php(738): CodeIgniter\Model->doInsert(Array)
#6 C:\xampp2\htdocs\codeigniter4-erp-clg\vendor\codeigniter4\framework\system\Model.php(667): CodeIgniter\BaseModel->insert(Array, false)
#7 C:\xampp2\htdocs\codeigniter4-erp-clg\vendor\codeigniter4\framework\system\BaseModel.php(658): CodeIgniter\Model->insert(Array, false)
#8 C:\xampp2\htdocs\codeigniter4-erp-clg\app\Controllers\ProductController.php(92): CodeIgniter\BaseModel->save(Array)
#9 C:\xampp2\htdocs\codeigniter4-erp-clg\vendor\codeigniter4\framework\system\CodeIgniter.php(907): App\Controllers\ProductController->create()
#10 C:\xampp2\htdocs\codeigniter4-erp-clg\vendor\codeigniter4\framework\system\CodeIgniter.php(457): CodeIgniter\CodeIgniter->runController(Object(App\Controllers\ProductController))
#11 C:\xampp2\htdocs\codeigniter4-erp-clg\vendor\codeigniter4\framework\system\CodeIgniter.php(340): CodeIgniter\CodeIgniter->handleRequest(NULL, Object(Config\Cache), false)
#12 C:\xampp2\htdocs\codeigniter4-erp-clg\public\index.php(73): CodeIgniter\CodeIgniter->run()
#13 C:\xampp2\htdocs\codeigniter4-erp-clg\vendor\codeigniter4\framework\system\Commands\Server\rewrite.php(43): require_once('C:\\xampp2\\htdoc...')
#14 {main}
CRITICAL - 2022-09-13 10:25:13 --> Cannot add or update a child row: a foreign key constraint fails (`erp`.`product`, CONSTRAINT `product_ibfk_5` FOREIGN KEY (`brand`) REFERENCES `productbrand` (`id`) ON UPDATE CASCADE)
in SYSTEMPATH\Database\MySQLi\Connection.php on line 292.
 1 SYSTEMPATH\Database\MySQLi\Connection.php(292): mysqli->query('INSERT INTO `product` (`name`, `groupunit`, `defunit`, `productgroup`, `supplier`, `brand`, `id`, `created_at`, `updated_at`) VALUES (\'Pepsodent Dental Expert\', \'UN-00000000003\', \'UN-00000000003\', \'PG-00000000002\', \'SP-00000000001\', \'PB-00000000003\', \'PR-00000000001\', \'2022-09-13 10:25:13\', \'2022-09-13 10:25:13\')', 0)
 2 SYSTEMPATH\Database\BaseConnection.php(693): CodeIgniter\Database\MySQLi\Connection->execute('INSERT INTO `product` (`name`, `groupunit`, `defunit`, `productgroup`, `supplier`, `brand`, `id`, `created_at`, `updated_at`) VALUES (\'Pepsodent Dental Expert\', \'UN-00000000003\', \'UN-00000000003\', \'PG-00000000002\', \'SP-00000000001\', \'PB-00000000003\', \'PR-00000000001\', \'2022-09-13 10:25:13\', \'2022-09-13 10:25:13\')')
 3 SYSTEMPATH\Database\BaseConnection.php(620): CodeIgniter\Database\BaseConnection->simpleQuery('INSERT INTO `product` (`name`, `groupunit`, `defunit`, `productgroup`, `supplier`, `brand`, `id`, `created_at`, `updated_at`) VALUES (\'Pepsodent Dental Expert\', \'UN-00000000003\', \'UN-00000000003\', \'PG-00000000002\', \'SP-00000000001\', \'PB-00000000003\', \'PR-00000000001\', \'2022-09-13 10:25:13\', \'2022-09-13 10:25:13\')')
 4 SYSTEMPATH\Database\BaseBuilder.php(1916): CodeIgniter\Database\BaseConnection->query('INSERT INTO `product` (`name`, `groupunit`, `defunit`, `productgroup`, `supplier`, `brand`, `id`, `created_at`, `updated_at`) VALUES (:name:, :groupunit:, :defunit:, :productgroup:, :supplier:, :brand:, :id.1:, :created_at:, :updated_at:)', [...], false)
 5 SYSTEMPATH\Model.php(279): CodeIgniter\Database\BaseBuilder->insert()
 6 SYSTEMPATH\BaseModel.php(738): CodeIgniter\Model->doInsert([...])
 7 SYSTEMPATH\Model.php(667): CodeIgniter\BaseModel->insert([...], false)
 8 SYSTEMPATH\BaseModel.php(658): CodeIgniter\Model->insert([...], false)
 9 APPPATH\Controllers\ProductController.php(92): CodeIgniter\BaseModel->save([...])
10 SYSTEMPATH\CodeIgniter.php(907): App\Controllers\ProductController->create()
11 SYSTEMPATH\CodeIgniter.php(457): CodeIgniter\CodeIgniter->runController(Object(App\Controllers\ProductController))
12 SYSTEMPATH\CodeIgniter.php(340): CodeIgniter\CodeIgniter->handleRequest(null, Object(Config\Cache), false)
13 FCPATH\index.php(73): CodeIgniter\CodeIgniter->run()
14 SYSTEMPATH\Commands\Server\rewrite.php(43): require_once('FCPATH\\index.php')
