CRITICAL - 2022-09-10 09:12:22 --> count(): Parameter must be an array or an object that implements Countable
in APPPATH\Controllers\SupplierGroupController.php on line 45.
 1 [internal function]: CodeIgniter\Debug\Exceptions->errorHandler(2, 'count(): Parameter must be an array or an object that implements Countable', 'APPPATH\\Controllers\\SupplierGroupController.php', 45, [...])
 2 APPPATH\Controllers\SupplierGroupController.php(45): count(null)
 3 SYSTEMPATH\CodeIgniter.php(907): App\Controllers\SupplierGroupController->show('SG-000000000010')
 4 SYSTEMPATH\CodeIgniter.php(457): CodeIgniter\CodeIgniter->runController(Object(App\Controllers\SupplierGroupController))
 5 SYSTEMPATH\CodeIgniter.php(340): CodeIgniter\CodeIgniter->handleRequest(null, Object(Config\Cache), false)
 6 FCPATH\index.php(67): CodeIgniter\CodeIgniter->run()
 7 SYSTEMPATH\Commands\Server\rewrite.php(43): require_once('FCPATH\\index.php')
CRITICAL - 2022-09-10 09:12:36 --> count(): Parameter must be an array or an object that implements Countable
in APPPATH\Controllers\SupplierGroupController.php on line 45.
 1 [internal function]: CodeIgniter\Debug\Exceptions->errorHandler(2, 'count(): Parameter must be an array or an object that implements Countable', 'APPPATH\\Controllers\\SupplierGroupController.php', 45, [...])
 2 APPPATH\Controllers\SupplierGroupController.php(45): count(null)
 3 SYSTEMPATH\CodeIgniter.php(907): App\Controllers\SupplierGroupController->show('SG-00000000002')
 4 SYSTEMPATH\CodeIgniter.php(457): CodeIgniter\CodeIgniter->runController(Object(App\Controllers\SupplierGroupController))
 5 SYSTEMPATH\CodeIgniter.php(340): CodeIgniter\CodeIgniter->handleRequest(null, Object(Config\Cache), false)
 6 FCPATH\index.php(67): CodeIgniter\CodeIgniter->run()
 7 SYSTEMPATH\Commands\Server\rewrite.php(43): require_once('FCPATH\\index.php')
ERROR - 2022-09-10 11:44:56 --> mysqli_sql_exception: Cannot add or update a child row: a foreign key constraint fails (`erp`.`supplier`, CONSTRAINT `supplier_ibfk_1` FOREIGN KEY (`suppliergroup`) REFERENCES `suppliergroup` (`id`) ON UPDATE CASCADE) in D:\Developer\codeigniter4-erp-clg\vendor\codeigniter4\framework\system\Database\MySQLi\Connection.php:292
Stack trace:
#0 D:\Developer\codeigniter4-erp-clg\vendor\codeigniter4\framework\system\Database\MySQLi\Connection.php(292): mysqli->query('INSERT INTO `su...', 0)
#1 D:\Developer\codeigniter4-erp-clg\vendor\codeigniter4\framework\system\Database\BaseConnection.php(693): CodeIgniter\Database\MySQLi\Connection->execute('INSERT INTO `su...')
#2 D:\Developer\codeigniter4-erp-clg\vendor\codeigniter4\framework\system\Database\BaseConnection.php(620): CodeIgniter\Database\BaseConnection->simpleQuery('INSERT INTO `su...')
#3 D:\Developer\codeigniter4-erp-clg\vendor\codeigniter4\framework\system\Database\BaseBuilder.php(1916): CodeIgniter\Database\BaseConnection->query('INSERT INTO `su...', Array, false)
#4 D:\Developer\codeigniter4-erp-clg\vendor\codeigniter4\framework\system\Model.php(279): CodeIgniter\Database\BaseBuilder->insert()
#5 D:\Developer\codeigniter4-erp-clg\vendor\codeigniter4\framework\system\BaseModel.php(738): CodeIgniter\Model->doInsert(Array)
#6 D:\Developer\codeigniter4-erp-clg\vendor\codeigniter4\framework\system\Model.php(667): CodeIgniter\BaseModel->insert(Array, false)
#7 D:\Developer\codeigniter4-erp-clg\vendor\codeigniter4\framework\system\BaseModel.php(658): CodeIgniter\Model->insert(Array, false)
#8 D:\Developer\codeigniter4-erp-clg\app\Controllers\SupplierController.php(94): CodeIgniter\BaseModel->save(Array)
#9 D:\Developer\codeigniter4-erp-clg\vendor\codeigniter4\framework\system\CodeIgniter.php(907): App\Controllers\SupplierController->create()
#10 D:\Developer\codeigniter4-erp-clg\vendor\codeigniter4\framework\system\CodeIgniter.php(457): CodeIgniter\CodeIgniter->runController(Object(App\Controllers\SupplierController))
#11 D:\Developer\codeigniter4-erp-clg\vendor\codeigniter4\framework\system\CodeIgniter.php(340): CodeIgniter\CodeIgniter->handleRequest(NULL, Object(Config\Cache), false)
#12 D:\Developer\codeigniter4-erp-clg\public\index.php(67): CodeIgniter\CodeIgniter->run()
#13 D:\Developer\codeigniter4-erp-clg\vendor\codeigniter4\framework\system\Commands\Server\rewrite.php(43): require_once('D:\\Developer\\co...')
#14 {main}
CRITICAL - 2022-09-10 11:44:56 --> Cannot add or update a child row: a foreign key constraint fails (`erp`.`supplier`, CONSTRAINT `supplier_ibfk_1` FOREIGN KEY (`suppliergroup`) REFERENCES `suppliergroup` (`id`) ON UPDATE CASCADE)
in SYSTEMPATH\Database\MySQLi\Connection.php on line 292.
 1 SYSTEMPATH\Database\MySQLi\Connection.php(292): mysqli->query('INSERT INTO `supplier` (`name`, `suppliergroup`, `id`, `created_at`, `updated_at`) VALUES (\'gdfgdfg\', \'PR-00000000001\', \'SP-00000000001\', \'2022-09-10 11:44:56\', \'2022-09-10 11:44:56\')', 0)
 2 SYSTEMPATH\Database\BaseConnection.php(693): CodeIgniter\Database\MySQLi\Connection->execute('INSERT INTO `supplier` (`name`, `suppliergroup`, `id`, `created_at`, `updated_at`) VALUES (\'gdfgdfg\', \'PR-00000000001\', \'SP-00000000001\', \'2022-09-10 11:44:56\', \'2022-09-10 11:44:56\')')
 3 SYSTEMPATH\Database\BaseConnection.php(620): CodeIgniter\Database\BaseConnection->simpleQuery('INSERT INTO `supplier` (`name`, `suppliergroup`, `id`, `created_at`, `updated_at`) VALUES (\'gdfgdfg\', \'PR-00000000001\', \'SP-00000000001\', \'2022-09-10 11:44:56\', \'2022-09-10 11:44:56\')')
 4 SYSTEMPATH\Database\BaseBuilder.php(1916): CodeIgniter\Database\BaseConnection->query('INSERT INTO `supplier` (`name`, `suppliergroup`, `id`, `created_at`, `updated_at`) VALUES (:name:, :suppliergroup:, :id.1:, :created_at:, :updated_at:)', [...], false)
 5 SYSTEMPATH\Model.php(279): CodeIgniter\Database\BaseBuilder->insert()
 6 SYSTEMPATH\BaseModel.php(738): CodeIgniter\Model->doInsert([...])
 7 SYSTEMPATH\Model.php(667): CodeIgniter\BaseModel->insert([...], false)
 8 SYSTEMPATH\BaseModel.php(658): CodeIgniter\Model->insert([...], false)
 9 APPPATH\Controllers\SupplierController.php(94): CodeIgniter\BaseModel->save([...])
10 SYSTEMPATH\CodeIgniter.php(907): App\Controllers\SupplierController->create()
11 SYSTEMPATH\CodeIgniter.php(457): CodeIgniter\CodeIgniter->runController(Object(App\Controllers\SupplierController))
12 SYSTEMPATH\CodeIgniter.php(340): CodeIgniter\CodeIgniter->handleRequest(null, Object(Config\Cache), false)
13 FCPATH\index.php(67): CodeIgniter\CodeIgniter->run()
14 SYSTEMPATH\Commands\Server\rewrite.php(43): require_once('FCPATH\\index.php')
CRITICAL - 2022-09-10 11:50:57 --> json_decode() expects parameter 1 to be string, array given
in APPPATH\Controllers\SupplierController.php on line 51.
 1 [internal function]: CodeIgniter\Debug\Exceptions->errorHandler(2, 'json_decode() expects parameter 1 to be string, array given', 'APPPATH\\Controllers\\SupplierController.php', 51, [...])
 2 APPPATH\Controllers\SupplierController.php(51): json_decode([...])
 3 SYSTEMPATH\CodeIgniter.php(907): App\Controllers\SupplierController->show('SP-00000000001')
 4 SYSTEMPATH\CodeIgniter.php(457): CodeIgniter\CodeIgniter->runController(Object(App\Controllers\SupplierController))
 5 SYSTEMPATH\CodeIgniter.php(340): CodeIgniter\CodeIgniter->handleRequest(null, Object(Config\Cache), false)
 6 FCPATH\index.php(67): CodeIgniter\CodeIgniter->run()
 7 SYSTEMPATH\Commands\Server\rewrite.php(43): require_once('FCPATH\\index.php')
CRITICAL - 2022-09-10 11:51:12 --> json_decode() expects parameter 1 to be string, array given
in APPPATH\Controllers\SupplierController.php on line 51.
 1 [internal function]: CodeIgniter\Debug\Exceptions->errorHandler(2, 'json_decode() expects parameter 1 to be string, array given', 'APPPATH\\Controllers\\SupplierController.php', 51, [...])
 2 APPPATH\Controllers\SupplierController.php(51): json_decode([...])
 3 SYSTEMPATH\CodeIgniter.php(907): App\Controllers\SupplierController->show('SP-00000000001')
 4 SYSTEMPATH\CodeIgniter.php(457): CodeIgniter\CodeIgniter->runController(Object(App\Controllers\SupplierController))
 5 SYSTEMPATH\CodeIgniter.php(340): CodeIgniter\CodeIgniter->handleRequest(null, Object(Config\Cache), false)
 6 FCPATH\index.php(67): CodeIgniter\CodeIgniter->run()
 7 SYSTEMPATH\Commands\Server\rewrite.php(43): require_once('FCPATH\\index.php')
